mode: set
github.com/soleilouisol/socAdmin/core/logger/logger.go:16.25,18.2 1 1
github.com/soleilouisol/socAdmin/core/logger/logger.go:21.51,23.2 1 1
github.com/soleilouisol/socAdmin/core/logger/logger.go:26.41,28.2 1 1
github.com/soleilouisol/socAdmin/core/logger/logger.go:31.91,33.14 2 1
github.com/soleilouisol/socAdmin/core/logger/logger.go:33.14,35.3 1 1
github.com/soleilouisol/socAdmin/core/logger/logger.go:36.2,37.55 1 1
github.com/soleilouisol/socAdmin/core/logger/logger.go:41.106,43.13 2 1
github.com/soleilouisol/socAdmin/core/logger/logger.go:43.13,45.3 1 1
github.com/soleilouisol/socAdmin/core/logger/logger.go:46.2,47.89 1 1
github.com/soleilouisol/socAdmin/core/logger/logger.go:51.84,53.17 2 1
github.com/soleilouisol/socAdmin/core/logger/logger.go:53.17,55.3 1 1
github.com/soleilouisol/socAdmin/core/logger/logger.go:56.2,56.105 1 1
github.com/soleilouisol/socAdmin/core/logger/logger.go:60.98,62.17 2 1
github.com/soleilouisol/socAdmin/core/logger/logger.go:62.17,64.3 1 1
github.com/soleilouisol/socAdmin/core/logger/logger.go:65.2,66.53 1 1
github.com/soleilouisol/socAdmin/core/logger/logger.go:70.67,73.2 1 1
github.com/soleilouisol/socAdmin/core/logger/logger.go:76.70,79.2 1 1
github.com/soleilouisol/socAdmin/core/api/csrf.go:23.71,24.46 1 1
github.com/soleilouisol/socAdmin/core/api/csrf.go:24.46,26.3 1 1
github.com/soleilouisol/socAdmin/core/api/csrf.go:32.42,33.18 1 1
github.com/soleilouisol/socAdmin/core/api/csrf.go:33.18,35.3 1 0
github.com/soleilouisol/socAdmin/core/api/csrf.go:36.2,36.63 1 1
github.com/soleilouisol/socAdmin/core/api/csrf.go:39.68,40.71 1 1
github.com/soleilouisol/socAdmin/core/api/csrf.go:40.71,43.39 2 1
github.com/soleilouisol/socAdmin/core/api/csrf.go:43.39,54.4 3 1
github.com/soleilouisol/socAdmin/core/api/csrf.go:57.3,57.71 1 1
github.com/soleilouisol/socAdmin/core/api/csrf.go:57.71,60.4 2 1
github.com/soleilouisol/socAdmin/core/api/csrf.go:63.3,63.44 1 1
github.com/soleilouisol/socAdmin/core/api/csrf.go:63.44,66.4 2 1
github.com/soleilouisol/socAdmin/core/api/csrf.go:69.3,70.102 2 1
github.com/soleilouisol/socAdmin/core/api/csrf.go:70.102,75.4 4 1
github.com/soleilouisol/socAdmin/core/api/csrf.go:77.3,77.23 1 1
github.com/soleilouisol/socAdmin/core/api/csrf.go:81.50,86.2 2 1
github.com/soleilouisol/socAdmin/core/api/csrf.go:88.33,92.2 3 1
github.com/soleilouisol/socAdmin/core/api/rate_limiter.go:20.67,28.12 2 0
github.com/soleilouisol/socAdmin/core/api/rate_limiter.go:28.12,31.22 3 0
github.com/soleilouisol/socAdmin/core/api/rate_limiter.go:31.22,33.4 1 0
github.com/soleilouisol/socAdmin/core/api/rate_limiter.go:36.2,36.11 1 0
github.com/soleilouisol/socAdmin/core/api/rate_limiter.go:40.50,50.32 7 1
github.com/soleilouisol/socAdmin/core/api/rate_limiter.go:50.32,51.23 1 1
github.com/soleilouisol/socAdmin/core/api/rate_limiter.go:51.23,53.4 1 1
github.com/soleilouisol/socAdmin/core/api/rate_limiter.go:56.2,56.28 1 1
github.com/soleilouisol/socAdmin/core/api/rate_limiter.go:56.28,59.3 2 1
github.com/soleilouisol/socAdmin/core/api/rate_limiter.go:61.2,62.13 2 1
github.com/soleilouisol/socAdmin/core/api/rate_limiter.go:65.34,70.42 4 1
github.com/soleilouisol/socAdmin/core/api/rate_limiter.go:70.42,72.33 2 1
github.com/soleilouisol/socAdmin/core/api/rate_limiter.go:72.33,73.24 1 1
github.com/soleilouisol/socAdmin/core/api/rate_limiter.go:73.24,75.5 1 0
github.com/soleilouisol/socAdmin/core/api/rate_limiter.go:77.3,77.22 1 1
github.com/soleilouisol/socAdmin/core/api/rate_limiter.go:77.22,79.4 1 1
github.com/soleilouisol/socAdmin/core/api/rate_limiter.go:79.9,81.4 1 0
github.com/soleilouisol/socAdmin/core/api/rate_limiter.go:86.67,87.71 1 1
github.com/soleilouisol/socAdmin/core/api/rate_limiter.go:87.71,90.24 2 1
github.com/soleilouisol/socAdmin/core/api/rate_limiter.go:90.24,96.4 5 1
github.com/soleilouisol/socAdmin/core/api/rate_limiter.go:98.3,98.23 1 1
github.com/soleilouisol/socAdmin/core/api/router.go:18.158,32.87 8 0
github.com/soleilouisol/socAdmin/core/api/router.go:32.87,37.3 2 0
github.com/soleilouisol/socAdmin/core/api/router.go:40.2,41.61 2 0
github.com/soleilouisol/socAdmin/core/api/router.go:41.61,42.55 1 0
github.com/soleilouisol/socAdmin/core/api/router.go:42.55,44.34 2 0
github.com/soleilouisol/socAdmin/core/api/router.go:44.34,50.5 5 0
github.com/soleilouisol/socAdmin/core/api/router.go:51.4,51.11 1 0
github.com/soleilouisol/socAdmin/core/api/router.go:54.2,201.16 120 0
github.com/soleilouisol/socAdmin/core/api/router.go:205.37,208.40 2 0
github.com/soleilouisol/socAdmin/core/api/router.go:208.40,209.30 1 0
github.com/soleilouisol/socAdmin/core/api/router.go:209.30,210.33 1 0
github.com/soleilouisol/socAdmin/core/api/router.go:210.33,212.5 1 0
github.com/soleilouisol/socAdmin/core/api/router.go:213.4,213.49 1 0
github.com/soleilouisol/socAdmin/core/api/router.go:213.49,215.5 1 0
github.com/soleilouisol/socAdmin/core/api/router.go:216.4,216.35 1 0
github.com/soleilouisol/socAdmin/core/api/router.go:216.35,217.64 1 0
github.com/soleilouisol/socAdmin/core/api/router.go:217.64,219.6 1 0
github.com/soleilouisol/socAdmin/core/api/router.go:222.3,222.15 1 0
github.com/soleilouisol/socAdmin/core/api/router.go:225.2,226.32 2 0
github.com/soleilouisol/socAdmin/core/api/router.go:226.32,228.3 1 0
github.com/soleilouisol/socAdmin/core/api/router.go:229.2,229.33 1 0
github.com/soleilouisol/socAdmin/core/api/router.go:229.33,231.3 1 0
github.com/soleilouisol/socAdmin/core/api/router.go:232.2,232.34 1 0
github.com/soleilouisol/socAdmin/core/api/router.go:232.34,234.3 1 0
github.com/soleilouisol/socAdmin/core/api/router.go:237.2,237.25 1 0
github.com/soleilouisol/socAdmin/core/api/router.go:237.25,239.3 1 0
github.com/soleilouisol/socAdmin/core/api/router.go:240.2,240.18 1 0
github.com/soleilouisol/socAdmin/core/api/security.go:9.54,12.71 2 1
github.com/soleilouisol/socAdmin/core/api/security.go:12.71,14.17 1 1
github.com/soleilouisol/socAdmin/core/api/security.go:14.17,16.4 1 0
github.com/soleilouisol/socAdmin/core/api/security.go:19.3,37.55 7 1
github.com/soleilouisol/socAdmin/core/api/security.go:37.55,40.4 2 1
github.com/soleilouisol/socAdmin/core/api/security.go:42.3,42.23 1 1
github.com/soleilouisol/socAdmin/core/api/sgbd_darwin.go:3.33,23.2 1 0
github.com/soleilouisol/socAdmin/core/connector/mongodb.go:29.60,31.2 1 0
github.com/soleilouisol/socAdmin/core/connector/mongodb.go:33.42,38.52 4 0
github.com/soleilouisol/socAdmin/core/connector/mongodb.go:38.52,41.3 1 0
github.com/soleilouisol/socAdmin/core/connector/mongodb.go:41.8,43.3 1 0
github.com/soleilouisol/socAdmin/core/connector/mongodb.go:45.2,46.16 2 0
github.com/soleilouisol/socAdmin/core/connector/mongodb.go:46.16,48.3 1 0
github.com/soleilouisol/socAdmin/core/connector/mongodb.go:50.2,50.46 1 0
github.com/soleilouisol/socAdmin/core/connector/mongodb.go:50.46,52.3 1 0
github.com/soleilouisol/socAdmin/core/connector/mongodb.go:54.2,55.12 2 0
github.com/soleilouisol/socAdmin/core/connector/mongodb.go:58.60,63.16 4 0
github.com/soleilouisol/socAdmin/core/connector/mongodb.go:63.16,65.3 1 0
github.com/soleilouisol/socAdmin/core/connector/mongodb.go:66.2,66.23 1 0
github.com/soleilouisol/socAdmin/core/connector/mongodb.go:69.60,80.32 5 0
github.com/soleilouisol/socAdmin/core/connector/mongodb.go:80.32,82.3 1 0
github.com/soleilouisol/socAdmin/core/connector/mongodb.go:85.2,87.16 3 0
github.com/soleilouisol/socAdmin/core/connector/mongodb.go:87.16,89.3 1 0
github.com/soleilouisol/socAdmin/core/connector/mongodb.go:91.2,91.12 1 0
github.com/soleilouisol/socAdmin/core/connector/mongodb.go:94.58,98.2 3 0
github.com/soleilouisol/socAdmin/core/connector/mongodb.go:100.100,107.37 4 0
github.com/soleilouisol/socAdmin/core/connector/mongodb.go:107.37,109.3 1 0
github.com/soleilouisol/socAdmin/core/connector/mongodb.go:111.2,111.70 1 0
github.com/soleilouisol/socAdmin/core/connector/mongodb.go:115.72,120.16 4 0
github.com/soleilouisol/socAdmin/core/connector/mongodb.go:120.16,122.3 1 0
github.com/soleilouisol/socAdmin/core/connector/mongodb.go:124.2,125.27 2 0
github.com/soleilouisol/socAdmin/core/connector/mongodb.go:125.27,126.50 1 0
github.com/soleilouisol/socAdmin/core/connector/mongodb.go:126.50,128.4 1 0
github.com/soleilouisol/socAdmin/core/connector/mongodb.go:130.2,130.25 1 0
github.com/soleilouisol/socAdmin/core/connector/mongodb.go:134.87,140.16 5 0
github.com/soleilouisol/socAdmin/core/connector/mongodb.go:140.16,142.3 1 0
github.com/soleilouisol/socAdmin/core/connector/mongodb.go:143.2,146.23 3 0
github.com/soleilouisol/socAdmin/core/connector/mongodb.go:146.23,148.45 2 0
github.com/soleilouisol/socAdmin/core/connector/mongodb.go:148.45,149.12 1 0
github.com/soleilouisol/socAdmin/core/connector/mongodb.go:151.3,151.29 1 0
github.com/soleilouisol/socAdmin/core/connector/mongodb.go:151.29,152.45 1 0
github.com/soleilouisol/socAdmin/core/connector/mongodb.go:152.45,154.5 1 0
github.com/soleilouisol/socAdmin/core/connector/mongodb.go:158.2,159.36 2 0
github.com/soleilouisol/socAdmin/core/connector/mongodb.go:159.36,161.20 2 0
github.com/soleilouisol/socAdmin/core/connector/mongodb.go:161.20,163.4 1 0
github.com/soleilouisol/socAdmin/core/connector/mongodb.go:164.3,169.5 1 0
github.com/soleilouisol/socAdmin/core/connector/mongodb.go:172.2,172.42 1 0
github.com/soleilouisol/socAdmin/core/connector/mongodb.go:172.42,173.31 1 0
github.com/soleilouisol/socAdmin/core/connector/mongodb.go:173.31,175.4 1 0
github.com/soleilouisol/socAdmin/core/connector/mongodb.go:176.3,176.31 1 0
github.com/soleilouisol/socAdmin/core/connector/mongodb.go:176.31,178.4 1 0
github.com/soleilouisol/socAdmin/core/connector/mongodb.go:179.3,179.43 1 0
github.com/soleilouisol/socAdmin/core/connector/mongodb.go:182.2,182.21 1 0
github.com/soleilouisol/socAdmin/core/connector/mongodb.go:185.104,193.16 6 0
github.com/soleilouisol/socAdmin/core/connector/mongodb.go:193.16,195.3 1 0
github.com/soleilouisol/socAdmin/core/connector/mongodb.go:196.2,198.41 2 0
github.com/soleilouisol/socAdmin/core/connector/mongodb.go:203.78,205.2 1 0
github.com/soleilouisol/socAdmin/core/connector/mongodb.go:224.85,229.73 4 0
github.com/soleilouisol/socAdmin/core/connector/mongodb.go:229.73,231.3 1 0
github.com/soleilouisol/socAdmin/core/connector/mongodb.go:234.2,234.18 1 0
github.com/soleilouisol/socAdmin/core/connector/mongodb.go:234.18,238.45 3 0
github.com/soleilouisol/socAdmin/core/connector/mongodb.go:238.45,239.43 1 0
github.com/soleilouisol/socAdmin/core/connector/mongodb.go:239.43,241.10 2 0
github.com/soleilouisol/socAdmin/core/connector/mongodb.go:244.3,244.13 1 0
github.com/soleilouisol/socAdmin/core/connector/mongodb.go:244.13,246.4 1 0
github.com/soleilouisol/socAdmin/core/connector/mongodb.go:250.2,251.18 2 0
github.com/soleilouisol/socAdmin/core/connector/mongodb.go:251.18,253.28 2 0
github.com/soleilouisol/socAdmin/core/connector/mongodb.go:253.28,254.30 1 0
github.com/soleilouisol/socAdmin/core/connector/mongodb.go:254.30,257.10 3 0
github.com/soleilouisol/socAdmin/core/connector/mongodb.go:262.2,264.16 3 0
github.com/soleilouisol/socAdmin/core/connector/mongodb.go:264.16,266.3 1 0
github.com/soleilouisol/socAdmin/core/connector/mongodb.go:269.2,269.49 1 0
github.com/soleilouisol/socAdmin/core/connector/mongodb.go:269.49,270.53 1 0
github.com/soleilouisol/socAdmin/core/connector/mongodb.go:270.53,272.4 1 0
github.com/soleilouisol/socAdmin/core/connector/mongodb.go:276.2,280.8 2 0
github.com/soleilouisol/socAdmin/core/connector/mongodb.go:284.60,290.16 5 0
github.com/soleilouisol/socAdmin/core/connector/mongodb.go:290.16,292.3 1 0
github.com/soleilouisol/socAdmin/core/connector/mongodb.go:294.2,295.28 2 0
github.com/soleilouisol/socAdmin/core/connector/mongodb.go:295.28,300.3 1 0
github.com/soleilouisol/socAdmin/core/connector/mongodb.go:302.2,303.26 2 0
github.com/soleilouisol/socAdmin/core/connector/mongodb.go:303.26,305.10 2 0
github.com/soleilouisol/socAdmin/core/connector/mongodb.go:305.10,306.12 1 0
github.com/soleilouisol/socAdmin/core/connector/mongodb.go:308.3,311.41 4 0
github.com/soleilouisol/socAdmin/core/connector/mongodb.go:311.41,312.27 1 0
github.com/soleilouisol/socAdmin/core/connector/mongodb.go:312.27,313.36 1 0
github.com/soleilouisol/socAdmin/core/connector/mongodb.go:313.36,314.15 1 0
github.com/soleilouisol/socAdmin/core/connector/mongodb.go:314.15,316.7 1 0
github.com/soleilouisol/socAdmin/core/connector/mongodb.go:317.6,317.57 1 0
github.com/soleilouisol/socAdmin/core/connector/mongodb.go:321.3,325.5 1 0
github.com/soleilouisol/socAdmin/core/connector/mongodb.go:328.2,331.8 1 0
github.com/soleilouisol/socAdmin/core/connector/mongodb.go:335.63,341.16 5 0
github.com/soleilouisol/socAdmin/core/connector/mongodb.go:341.16,343.3 1 0
github.com/soleilouisol/socAdmin/core/connector/mongodb.go:345.2,346.46 2 0
github.com/soleilouisol/socAdmin/core/connector/mongodb.go:346.46,351.3 1 0
github.com/soleilouisol/socAdmin/core/connector/mongodb.go:353.2,357.52 4 0
github.com/soleilouisol/socAdmin/core/connector/mongodb.go:357.52,361.3 3 0
github.com/soleilouisol/socAdmin/core/connector/mongodb.go:363.2,363.43 1 0
github.com/soleilouisol/socAdmin/core/connector/mongodb.go:363.43,366.3 2 0
github.com/soleilouisol/socAdmin/core/connector/mongodb.go:368.2,368.49 1 0
github.com/soleilouisol/socAdmin/core/connector/mongodb.go:368.49,370.47 2 0
github.com/soleilouisol/socAdmin/core/connector/mongodb.go:370.47,372.4 1 0
github.com/soleilouisol/socAdmin/core/connector/mongodb.go:373.3,373.48 1 0
github.com/soleilouisol/socAdmin/core/connector/mongodb.go:373.48,375.4 1 0
github.com/soleilouisol/socAdmin/core/connector/mongodb.go:378.2,378.47 1 0
github.com/soleilouisol/socAdmin/core/connector/mongodb.go:378.47,382.3 3 0
github.com/soleilouisol/socAdmin/core/connector/mongodb.go:384.2,384.50 1 0
github.com/soleilouisol/socAdmin/core/connector/mongodb.go:384.50,390.3 5 0
github.com/soleilouisol/socAdmin/core/connector/mongodb.go:392.2,392.52 1 0
github.com/soleilouisol/socAdmin/core/connector/mongodb.go:392.52,395.3 2 0
github.com/soleilouisol/socAdmin/core/connector/mongodb.go:397.2,400.8 1 0
github.com/soleilouisol/socAdmin/core/connector/mongodb.go:403.100,408.31 3 0
github.com/soleilouisol/socAdmin/core/connector/mongodb.go:408.31,409.28 1 0
github.com/soleilouisol/socAdmin/core/connector/mongodb.go:409.28,411.4 1 0
github.com/soleilouisol/socAdmin/core/connector/mongodb.go:414.2,416.12 3 0
github.com/soleilouisol/socAdmin/core/connector/mongodb.go:419.135,430.2 8 0
github.com/soleilouisol/socAdmin/core/connector/mongodb.go:432.106,440.2 6 0
github.com/soleilouisol/socAdmin/core/connector/mongodb.go:442.71,446.2 3 0
github.com/soleilouisol/socAdmin/core/connector/mongodb.go:448.75,453.2 4 0
github.com/soleilouisol/socAdmin/core/connector/mongodb.go:455.91,457.2 1 0
github.com/soleilouisol/socAdmin/core/connector/mongodb.go:462.110,468.25 5 0
github.com/soleilouisol/socAdmin/core/connector/mongodb.go:468.25,470.56 1 0
github.com/soleilouisol/socAdmin/core/connector/mongodb.go:470.56,472.4 1 0
github.com/soleilouisol/socAdmin/core/connector/mongodb.go:473.3,473.16 1 0
github.com/soleilouisol/socAdmin/core/connector/mongodb.go:476.2,477.16 2 0
github.com/soleilouisol/socAdmin/core/connector/mongodb.go:477.16,479.3 1 0
github.com/soleilouisol/socAdmin/core/connector/mongodb.go:480.2,480.37 1 0
github.com/soleilouisol/socAdmin/core/connector/mongodb.go:484.112,489.44 4 0
github.com/soleilouisol/socAdmin/core/connector/mongodb.go:489.44,490.83 1 0
github.com/soleilouisol/socAdmin/core/connector/mongodb.go:490.83,492.4 1 0
github.com/soleilouisol/socAdmin/core/connector/mongodb.go:493.3,493.36 1 0
github.com/soleilouisol/socAdmin/core/connector/mongodb.go:496.2,497.82 2 0
github.com/soleilouisol/socAdmin/core/connector/mongodb.go:497.82,499.3 1 0
github.com/soleilouisol/socAdmin/core/connector/mongodb.go:501.2,503.16 3 0
github.com/soleilouisol/socAdmin/core/connector/mongodb.go:503.16,505.3 1 0
github.com/soleilouisol/socAdmin/core/connector/mongodb.go:506.2,506.55 1 0
github.com/soleilouisol/socAdmin/core/connector/mongodb.go:510.93,515.44 4 0
github.com/soleilouisol/socAdmin/core/connector/mongodb.go:515.44,516.83 1 0
github.com/soleilouisol/socAdmin/core/connector/mongodb.go:516.83,518.4 1 0
github.com/soleilouisol/socAdmin/core/connector/mongodb.go:519.3,519.36 1 0
github.com/soleilouisol/socAdmin/core/connector/mongodb.go:521.2,521.22 1 0
github.com/soleilouisol/socAdmin/core/connector/mongodb.go:521.22,523.3 1 0
github.com/soleilouisol/socAdmin/core/connector/mongodb.go:525.2,527.16 3 0
github.com/soleilouisol/socAdmin/core/connector/mongodb.go:527.16,529.3 1 0
github.com/soleilouisol/socAdmin/core/connector/mongodb.go:530.2,530.33 1 0
github.com/soleilouisol/socAdmin/core/connector/mongodb.go:536.106,541.44 4 0
github.com/soleilouisol/socAdmin/core/connector/mongodb.go:541.44,542.83 1 0
github.com/soleilouisol/socAdmin/core/connector/mongodb.go:542.83,544.4 1 0
github.com/soleilouisol/socAdmin/core/connector/mongodb.go:545.3,545.36 1 0
github.com/soleilouisol/socAdmin/core/connector/mongodb.go:548.2,550.21 3 0
github.com/soleilouisol/socAdmin/core/connector/mongodb.go:550.21,552.3 1 0
github.com/soleilouisol/socAdmin/core/connector/mongodb.go:554.2,555.46 2 0
github.com/soleilouisol/socAdmin/core/connector/mongodb.go:555.46,557.3 1 0
github.com/soleilouisol/socAdmin/core/connector/mongodb.go:560.2,561.30 2 0
github.com/soleilouisol/socAdmin/core/connector/mongodb.go:561.30,563.3 1 0
github.com/soleilouisol/socAdmin/core/connector/mongodb.go:564.2,564.20 1 0
github.com/soleilouisol/socAdmin/core/connector/mongodb.go:570.101,582.2 5 0
github.com/soleilouisol/socAdmin/core/connector/mongodb.go:585.73,592.2 5 0
github.com/soleilouisol/socAdmin/core/connector/mongodb.go:595.96,606.2 5 0
github.com/soleilouisol/socAdmin/core/connector/mongodb.go:609.76,619.16 6 0
github.com/soleilouisol/socAdmin/core/connector/mongodb.go:619.16,621.3 1 0
github.com/soleilouisol/socAdmin/core/connector/mongodb.go:623.2,624.47 2 0
github.com/soleilouisol/socAdmin/core/connector/mongodb.go:624.47,625.27 1 0
github.com/soleilouisol/socAdmin/core/connector/mongodb.go:625.27,626.33 1 0
github.com/soleilouisol/socAdmin/core/connector/mongodb.go:626.33,628.5 1 0
github.com/soleilouisol/socAdmin/core/connector/mongodb.go:631.2,631.23 1 0
github.com/soleilouisol/socAdmin/core/connector/mongodb.go:638.153,646.44 5 0
github.com/soleilouisol/socAdmin/core/connector/mongodb.go:646.44,647.83 1 0
github.com/soleilouisol/socAdmin/core/connector/mongodb.go:647.83,649.4 1 0
github.com/soleilouisol/socAdmin/core/connector/mongodb.go:653.2,657.16 3 0
github.com/soleilouisol/socAdmin/core/connector/mongodb.go:657.16,659.3 1 0
github.com/soleilouisol/socAdmin/core/connector/mongodb.go:662.2,665.40 2 0
github.com/soleilouisol/socAdmin/core/connector/mongodb.go:665.40,667.102 2 0
github.com/soleilouisol/socAdmin/core/connector/mongodb.go:667.102,669.4 1 0
github.com/soleilouisol/socAdmin/core/connector/mongodb.go:673.2,673.52 1 0
github.com/soleilouisol/socAdmin/core/connector/mongodb.go:673.52,675.108 2 0
github.com/soleilouisol/socAdmin/core/connector/mongodb.go:675.108,677.4 1 0
github.com/soleilouisol/socAdmin/core/connector/mongodb.go:680.2,681.16 2 0
github.com/soleilouisol/socAdmin/core/connector/mongodb.go:681.16,683.3 1 0
github.com/soleilouisol/socAdmin/core/connector/mongodb.go:684.2,687.16 3 0
github.com/soleilouisol/socAdmin/core/connector/mongodb.go:687.16,689.3 1 0
github.com/soleilouisol/socAdmin/core/connector/mongodb.go:690.2,690.27 1 0
github.com/soleilouisol/socAdmin/core/connector/mongodb.go:694.121,699.44 4 0
github.com/soleilouisol/socAdmin/core/connector/mongodb.go:699.44,700.83 1 0
github.com/soleilouisol/socAdmin/core/connector/mongodb.go:700.83,702.4 1 0
github.com/soleilouisol/socAdmin/core/connector/mongodb.go:703.3,703.36 1 0
github.com/soleilouisol/socAdmin/core/connector/mongodb.go:706.2,710.40 2 0
github.com/soleilouisol/socAdmin/core/connector/mongodb.go:710.40,712.102 2 0
github.com/soleilouisol/socAdmin/core/connector/mongodb.go:712.102,714.4 1 0
github.com/soleilouisol/socAdmin/core/connector/mongodb.go:717.2,724.16 4 0
github.com/soleilouisol/socAdmin/core/connector/mongodb.go:724.16,726.3 1 0
github.com/soleilouisol/socAdmin/core/connector/mongodb.go:729.2,733.53 3 0
github.com/soleilouisol/socAdmin/core/connector/mongodb.go:733.53,738.3 4 0
github.com/soleilouisol/socAdmin/core/connector/mongodb.go:741.2,741.51 1 0
github.com/soleilouisol/socAdmin/core/connector/mongodb.go:741.51,742.47 1 0
github.com/soleilouisol/socAdmin/core/connector/mongodb.go:742.47,744.4 1 0
github.com/soleilouisol/socAdmin/core/connector/mongodb.go:747.2,747.18 1 0
github.com/soleilouisol/socAdmin/core/connector/mongodb.go:751.60,753.42 2 0
github.com/soleilouisol/socAdmin/core/connector/mongodb.go:753.42,755.3 1 0
github.com/soleilouisol/socAdmin/core/connector/mongodb.go:756.2,756.48 1 0
github.com/soleilouisol/socAdmin/core/connector/mongodb.go:756.48,758.3 1 0
github.com/soleilouisol/socAdmin/core/connector/mongodb.go:759.2,759.48 1 0
github.com/soleilouisol/socAdmin/core/connector/mongodb.go:759.48,761.3 1 0
github.com/soleilouisol/socAdmin/core/connector/mongodb.go:762.2,762.48 1 0
github.com/soleilouisol/socAdmin/core/connector/mongodb.go:762.48,764.3 1 0
github.com/soleilouisol/socAdmin/core/connector/mongodb.go:766.2,766.51 1 0
github.com/soleilouisol/socAdmin/core/connector/mongodb.go:766.51,768.3 1 0
github.com/soleilouisol/socAdmin/core/connector/mongodb.go:769.2,769.12 1 0
github.com/soleilouisol/socAdmin/core/connector/mongodb.go:773.85,779.2 4 0
github.com/soleilouisol/socAdmin/core/connector/mongodb.go:792.88,798.16 5 0
github.com/soleilouisol/socAdmin/core/connector/mongodb.go:798.16,800.3 1 0
github.com/soleilouisol/socAdmin/core/connector/mongodb.go:801.2,804.23 3 0
github.com/soleilouisol/socAdmin/core/connector/mongodb.go:804.23,806.45 2 0
github.com/soleilouisol/socAdmin/core/connector/mongodb.go:806.45,807.12 1 0
github.com/soleilouisol/socAdmin/core/connector/mongodb.go:809.3,814.44 3 0
github.com/soleilouisol/socAdmin/core/connector/mongodb.go:814.44,815.29 1 0
github.com/soleilouisol/socAdmin/core/connector/mongodb.go:815.29,817.5 1 0
github.com/soleilouisol/socAdmin/core/connector/mongodb.go:818.9,818.51 1 0
github.com/soleilouisol/socAdmin/core/connector/mongodb.go:818.51,819.29 1 0
github.com/soleilouisol/socAdmin/core/connector/mongodb.go:819.29,821.5 1 0
github.com/soleilouisol/socAdmin/core/connector/mongodb.go:823.3,823.40 1 0
github.com/soleilouisol/socAdmin/core/connector/mongodb.go:823.40,825.4 1 0
github.com/soleilouisol/socAdmin/core/connector/mongodb.go:826.3,826.40 1 0
github.com/soleilouisol/socAdmin/core/connector/mongodb.go:826.40,828.4 1 0
github.com/soleilouisol/socAdmin/core/connector/mongodb.go:829.3,829.55 1 0
github.com/soleilouisol/socAdmin/core/connector/mongodb.go:829.55,831.4 1 0
github.com/soleilouisol/socAdmin/core/connector/mongodb.go:832.3,832.40 1 0
github.com/soleilouisol/socAdmin/core/connector/mongodb.go:832.40,834.4 1 0
github.com/soleilouisol/socAdmin/core/connector/mongodb.go:835.3,835.34 1 0
github.com/soleilouisol/socAdmin/core/connector/mongodb.go:837.2,837.21 1 0
github.com/soleilouisol/socAdmin/core/connector/mongodb.go:841.109,843.2 1 0
github.com/soleilouisol/socAdmin/core/connector/mongodb.go:846.167,854.2 1 0
github.com/soleilouisol/socAdmin/core/connector/mongodb.go:872.112,877.78 4 0
github.com/soleilouisol/socAdmin/core/connector/mongodb.go:877.78,879.3 1 0
github.com/soleilouisol/socAdmin/core/connector/mongodb.go:880.2,880.20 1 0
github.com/soleilouisol/socAdmin/core/connector/mongodb.go:880.20,882.3 1 0
github.com/soleilouisol/socAdmin/core/connector/mongodb.go:884.2,886.17 3 0
github.com/soleilouisol/socAdmin/core/connector/mongodb.go:886.17,888.3 1 0
github.com/soleilouisol/socAdmin/core/connector/mongodb.go:889.2,889.17 1 0
github.com/soleilouisol/socAdmin/core/connector/mongodb.go:889.17,891.3 1 0
github.com/soleilouisol/socAdmin/core/connector/mongodb.go:892.2,892.17 1 0
github.com/soleilouisol/socAdmin/core/connector/mongodb.go:892.17,894.3 1 0
github.com/soleilouisol/socAdmin/core/connector/mongodb.go:895.2,895.21 1 0
github.com/soleilouisol/socAdmin/core/connector/mongodb.go:895.21,897.3 1 0
github.com/soleilouisol/socAdmin/core/connector/mongodb.go:898.2,898.25 1 0
github.com/soleilouisol/socAdmin/core/connector/mongodb.go:898.25,900.3 1 0
github.com/soleilouisol/socAdmin/core/connector/mongodb.go:901.2,901.60 1 0
github.com/soleilouisol/socAdmin/core/connector/mongodb.go:901.60,903.87 2 0
github.com/soleilouisol/socAdmin/core/connector/mongodb.go:903.87,905.4 1 0
github.com/soleilouisol/socAdmin/core/connector/mongodb.go:906.3,906.35 1 0
github.com/soleilouisol/socAdmin/core/connector/mongodb.go:908.2,908.52 1 0
github.com/soleilouisol/socAdmin/core/connector/mongodb.go:908.52,910.82 2 0
github.com/soleilouisol/socAdmin/core/connector/mongodb.go:910.82,912.4 1 0
github.com/soleilouisol/socAdmin/core/connector/mongodb.go:913.3,914.40 2 0
github.com/soleilouisol/socAdmin/core/connector/mongodb.go:914.40,916.4 1 0
github.com/soleilouisol/socAdmin/core/connector/mongodb.go:917.3,917.33 1 0
github.com/soleilouisol/socAdmin/core/connector/mongodb.go:917.33,918.25 1 0
github.com/soleilouisol/socAdmin/core/connector/mongodb.go:919.15,920.27 1 0
github.com/soleilouisol/socAdmin/core/connector/mongodb.go:921.15,922.27 1 0
github.com/soleilouisol/socAdmin/core/connector/mongodb.go:923.17,924.27 1 0
github.com/soleilouisol/socAdmin/core/connector/mongodb.go:927.3,927.41 1 0
github.com/soleilouisol/socAdmin/core/connector/mongodb.go:927.41,929.4 1 0
github.com/soleilouisol/socAdmin/core/connector/mongodb.go:930.3,930.23 1 0
github.com/soleilouisol/socAdmin/core/connector/mongodb.go:932.2,932.58 1 0
github.com/soleilouisol/socAdmin/core/connector/mongodb.go:932.58,934.86 2 0
github.com/soleilouisol/socAdmin/core/connector/mongodb.go:934.86,936.4 1 0
github.com/soleilouisol/socAdmin/core/connector/mongodb.go:937.3,937.30 1 0
github.com/soleilouisol/socAdmin/core/connector/mongodb.go:939.2,939.32 1 0
github.com/soleilouisol/socAdmin/core/connector/mongodb.go:939.32,941.3 1 0
github.com/soleilouisol/socAdmin/core/connector/mongodb.go:942.2,942.56 1 0
github.com/soleilouisol/socAdmin/core/connector/mongodb.go:942.56,944.84 2 0
github.com/soleilouisol/socAdmin/core/connector/mongodb.go:944.84,946.4 1 0
github.com/soleilouisol/socAdmin/core/connector/mongodb.go:947.3,947.18 1 0
github.com/soleilouisol/socAdmin/core/connector/mongodb.go:949.2,953.12 4 0
github.com/soleilouisol/socAdmin/core/connector/mongodb.go:957.100,970.2 5 0
github.com/soleilouisol/socAdmin/core/connector/mongodb.go:973.82,977.25 3 0
github.com/soleilouisol/socAdmin/core/connector/mongodb.go:977.25,979.3 1 0
github.com/soleilouisol/socAdmin/core/connector/mongodb.go:981.2,982.47 2 0
github.com/soleilouisol/socAdmin/core/connector/mongodb.go:995.97,1003.16 5 0
github.com/soleilouisol/socAdmin/core/connector/mongodb.go:1003.16,1005.3 1 0
github.com/soleilouisol/socAdmin/core/connector/mongodb.go:1007.2,1008.34 2 0
github.com/soleilouisol/socAdmin/core/connector/mongodb.go:1008.34,1010.3 1 0
github.com/soleilouisol/socAdmin/core/connector/mongodb.go:1011.2,1011.39 1 0
github.com/soleilouisol/socAdmin/core/connector/mongodb.go:1011.39,1013.3 1 0
github.com/soleilouisol/socAdmin/core/connector/mongodb.go:1014.2,1014.33 1 0
github.com/soleilouisol/socAdmin/core/connector/mongodb.go:1014.33,1016.3 1 0
github.com/soleilouisol/socAdmin/core/connector/mongodb.go:1017.2,1017.40 1 0
github.com/soleilouisol/socAdmin/core/connector/mongodb.go:1017.40,1019.3 1 0
github.com/soleilouisol/socAdmin/core/connector/mongodb.go:1020.2,1020.37 1 0
github.com/soleilouisol/socAdmin/core/connector/mongodb.go:1020.37,1022.3 1 0
github.com/soleilouisol/socAdmin/core/connector/mongodb.go:1023.2,1023.43 1 0
github.com/soleilouisol/socAdmin/core/connector/mongodb.go:1023.43,1025.3 1 0
github.com/soleilouisol/socAdmin/core/connector/mongodb.go:1026.2,1026.19 1 0
github.com/soleilouisol/socAdmin/core/connector/mongodb.go:1029.35,1030.25 1 0
github.com/soleilouisol/socAdmin/core/connector/mongodb.go:1031.13,1032.20 1 0
github.com/soleilouisol/socAdmin/core/connector/mongodb.go:1033.13,1034.13 1 0
github.com/soleilouisol/socAdmin/core/connector/mongodb.go:1035.15,1036.20 1 0
github.com/soleilouisol/socAdmin/core/connector/mongodb.go:1037.11,1038.20 1 0
github.com/soleilouisol/socAdmin/core/connector/mongodb.go:1039.10,1040.11 1 0
github.com/soleilouisol/socAdmin/core/connector/mongodb.go:1045.42,1046.27 1 0
github.com/soleilouisol/socAdmin/core/connector/mongodb.go:1046.27,1047.24 1 0
github.com/soleilouisol/socAdmin/core/connector/mongodb.go:1047.24,1049.4 1 0
github.com/soleilouisol/socAdmin/core/connector/mongodb.go:1051.2,1051.12 1 0
github.com/soleilouisol/socAdmin/core/connector/mongodb.go:1054.50,1055.25 1 0
github.com/soleilouisol/socAdmin/core/connector/mongodb.go:1056.14,1057.54 1 0
github.com/soleilouisol/socAdmin/core/connector/mongodb.go:1057.54,1059.4 1 0
github.com/soleilouisol/socAdmin/core/connector/mongodb.go:1060.3,1060.11 1 0
github.com/soleilouisol/socAdmin/core/connector/mongodb.go:1061.14,1063.26 1 0
github.com/soleilouisol/socAdmin/core/connector/mongodb.go:1063.26,1065.4 1 0
github.com/soleilouisol/socAdmin/core/connector/mongodb.go:1066.3,1066.11 1 0
github.com/soleilouisol/socAdmin/core/connector/mongodb.go:1067.14,1068.26 1 0
github.com/soleilouisol/socAdmin/core/connector/mongodb.go:1068.26,1070.4 1 0
github.com/soleilouisol/socAdmin/core/connector/mongodb.go:1071.3,1071.11 1 0
github.com/soleilouisol/socAdmin/core/connector/mongodb.go:1072.10,1073.13 1 0
github.com/soleilouisol/socAdmin/core/connector/mongodb.go:1080.72,1089.16 5 0
github.com/soleilouisol/socAdmin/core/connector/mongodb.go:1089.16,1091.3 1 0
github.com/soleilouisol/socAdmin/core/connector/mongodb.go:1093.2,1094.9 2 0
github.com/soleilouisol/socAdmin/core/connector/mongodb.go:1094.9,1096.3 1 0
github.com/soleilouisol/socAdmin/core/connector/mongodb.go:1098.2,1099.30 2 0
github.com/soleilouisol/socAdmin/core/connector/mongodb.go:1099.30,1101.10 2 0
github.com/soleilouisol/socAdmin/core/connector/mongodb.go:1101.10,1102.12 1 0
github.com/soleilouisol/socAdmin/core/connector/mongodb.go:1104.3,1113.45 2 0
github.com/soleilouisol/socAdmin/core/connector/mongodb.go:1113.45,1115.20 2 0
github.com/soleilouisol/socAdmin/core/connector/mongodb.go:1115.20,1117.5 1 0
github.com/soleilouisol/socAdmin/core/connector/mongodb.go:1118.4,1118.29 1 0
github.com/soleilouisol/socAdmin/core/connector/mongodb.go:1120.3,1120.24 1 0
github.com/soleilouisol/socAdmin/core/connector/mongodb.go:1122.2,1122.17 1 0
github.com/soleilouisol/socAdmin/core/connector/mongodb.go:1126.57,1135.16 5 0
github.com/soleilouisol/socAdmin/core/connector/mongodb.go:1135.16,1137.3 1 0
github.com/soleilouisol/socAdmin/core/connector/mongodb.go:1138.2,1138.12 1 0
github.com/soleilouisol/socAdmin/core/connector/mongodb.go:1144.92,1149.86 4 0
github.com/soleilouisol/socAdmin/core/connector/mongodb.go:1149.86,1151.3 1 0
github.com/soleilouisol/socAdmin/core/connector/mongodb.go:1153.2,1161.16 4 0
github.com/soleilouisol/socAdmin/core/connector/mongodb.go:1161.16,1163.3 1 0
github.com/soleilouisol/socAdmin/core/connector/mongodb.go:1164.2,1164.12 1 0
github.com/soleilouisol/socAdmin/core/connector/mongodb.go:1168.87,1173.16 4 0
github.com/soleilouisol/socAdmin/core/connector/mongodb.go:1173.16,1175.3 1 0
github.com/soleilouisol/socAdmin/core/connector/mongodb.go:1176.2,1179.23 3 0
github.com/soleilouisol/socAdmin/core/connector/mongodb.go:1179.23,1181.45 2 0
github.com/soleilouisol/socAdmin/core/connector/mongodb.go:1181.45,1182.12 1 0
github.com/soleilouisol/socAdmin/core/connector/mongodb.go:1184.3,1187.46 2 0
github.com/soleilouisol/socAdmin/core/connector/mongodb.go:1187.46,1189.46 2 0
github.com/soleilouisol/socAdmin/core/connector/mongodb.go:1189.46,1192.5 2 0
github.com/soleilouisol/socAdmin/core/connector/mongodb.go:1194.3,1194.30 1 0
github.com/soleilouisol/socAdmin/core/connector/mongodb.go:1196.2,1196.19 1 0
github.com/soleilouisol/socAdmin/core/connector/mongodb.go:1202.106,1207.16 4 0
github.com/soleilouisol/socAdmin/core/connector/mongodb.go:1207.16,1209.3 1 0
github.com/soleilouisol/socAdmin/core/connector/mongodb.go:1210.2,1212.23 2 0
github.com/soleilouisol/socAdmin/core/connector/mongodb.go:1212.23,1214.3 1 0
github.com/soleilouisol/socAdmin/core/connector/mongodb.go:1216.2,1217.44 2 0
github.com/soleilouisol/socAdmin/core/connector/mongodb.go:1217.44,1219.3 1 0
github.com/soleilouisol/socAdmin/core/connector/mongodb.go:1221.2,1226.45 2 0
github.com/soleilouisol/socAdmin/core/connector/mongodb.go:1226.45,1227.37 1 0
github.com/soleilouisol/socAdmin/core/connector/mongodb.go:1227.37,1230.4 2 0
github.com/soleilouisol/socAdmin/core/connector/mongodb.go:1231.3,1231.43 1 0
github.com/soleilouisol/socAdmin/core/connector/mongodb.go:1231.43,1233.4 1 0
github.com/soleilouisol/socAdmin/core/connector/mongodb.go:1234.3,1234.44 1 0
github.com/soleilouisol/socAdmin/core/connector/mongodb.go:1234.44,1236.4 1 0
github.com/soleilouisol/socAdmin/core/connector/mongodb.go:1239.2,1239.20 1 0
github.com/soleilouisol/socAdmin/core/connector/mongodb.go:1243.110,1249.50 4 0
github.com/soleilouisol/socAdmin/core/connector/mongodb.go:1249.50,1251.89 2 0
github.com/soleilouisol/socAdmin/core/connector/mongodb.go:1251.89,1253.4 1 0
github.com/soleilouisol/socAdmin/core/connector/mongodb.go:1254.3,1254.64 1 0
github.com/soleilouisol/socAdmin/core/connector/mongodb.go:1257.2,1257.17 1 0
github.com/soleilouisol/socAdmin/core/connector/mongodb.go:1257.17,1259.3 1 0
github.com/soleilouisol/socAdmin/core/connector/mongodb.go:1260.2,1260.18 1 0
github.com/soleilouisol/socAdmin/core/connector/mongodb.go:1260.18,1262.3 1 0
github.com/soleilouisol/socAdmin/core/connector/mongodb.go:1264.2,1265.73 2 0
github.com/soleilouisol/socAdmin/core/connector/mongodb.go:1271.84,1282.2 5 0
github.com/soleilouisol/socAdmin/core/connector/mongodb.go:1287.93,1295.16 5 0
github.com/soleilouisol/socAdmin/core/connector/mongodb.go:1295.16,1297.3 1 0
github.com/soleilouisol/socAdmin/core/connector/mongodb.go:1299.2,1302.8 1 0
github.com/soleilouisol/socAdmin/core/connector/mongodb.go:1306.90,1313.16 4 0
github.com/soleilouisol/socAdmin/core/connector/mongodb.go:1313.16,1315.3 1 0
github.com/soleilouisol/socAdmin/core/connector/mongodb.go:1317.2,1318.73 2 0
github.com/soleilouisol/socAdmin/core/connector/mongodb.go:1322.103,1330.16 6 0
github.com/soleilouisol/socAdmin/core/connector/mongodb.go:1330.16,1332.3 1 0
github.com/soleilouisol/socAdmin/core/connector/mongodb.go:1333.2,1336.23 3 0
github.com/soleilouisol/socAdmin/core/connector/mongodb.go:1336.23,1338.45 2 0
github.com/soleilouisol/socAdmin/core/connector/mongodb.go:1338.45,1339.12 1 0
github.com/soleilouisol/socAdmin/core/connector/mongodb.go:1341.3,1349.45 2 0
github.com/soleilouisol/socAdmin/core/connector/mongodb.go:1349.45,1351.20 2 0
github.com/soleilouisol/socAdmin/core/connector/mongodb.go:1351.20,1353.5 1 0
github.com/soleilouisol/socAdmin/core/connector/mongodb.go:1354.4,1354.32 1 0
github.com/soleilouisol/socAdmin/core/connector/mongodb.go:1356.3,1356.33 1 0
github.com/soleilouisol/socAdmin/core/connector/mongodb.go:1356.33,1358.4 1 0
github.com/soleilouisol/socAdmin/core/connector/mongodb.go:1359.3,1359.33 1 0
github.com/soleilouisol/socAdmin/core/connector/mongodb.go:1359.33,1361.4 1 0
github.com/soleilouisol/socAdmin/core/connector/mongodb.go:1362.3,1362.35 1 0
github.com/soleilouisol/socAdmin/core/connector/mongodb.go:1364.2,1364.21 1 0
github.com/soleilouisol/socAdmin/core/connector/mongodb.go:1370.89,1379.16 5 0
github.com/soleilouisol/socAdmin/core/connector/mongodb.go:1379.16,1381.3 1 0
github.com/soleilouisol/socAdmin/core/connector/mongodb.go:1383.2,1396.19 2 0
github.com/soleilouisol/socAdmin/core/connector/mongodb.go:1402.116,1411.17 4 0
github.com/soleilouisol/socAdmin/core/connector/mongodb.go:1411.17,1413.3 1 0
github.com/soleilouisol/socAdmin/core/connector/mongodb.go:1415.2,1416.73 2 0
github.com/soleilouisol/socAdmin/core/connector/mongodb.go:1420.88,1425.16 4 0
github.com/soleilouisol/socAdmin/core/connector/mongodb.go:1425.16,1427.3 1 0
github.com/soleilouisol/socAdmin/core/connector/mongodb.go:1428.2,1430.23 2 0
github.com/soleilouisol/socAdmin/core/connector/mongodb.go:1430.23,1432.3 1 0
github.com/soleilouisol/socAdmin/core/connector/mongodb.go:1434.2,1435.44 2 0
github.com/soleilouisol/socAdmin/core/connector/mongodb.go:1435.44,1437.3 1 0
github.com/soleilouisol/socAdmin/core/connector/mongodb.go:1439.2,1439.45 1 0
github.com/soleilouisol/socAdmin/core/connector/mongodb.go:1439.45,1440.46 1 0
github.com/soleilouisol/socAdmin/core/connector/mongodb.go:1440.46,1442.4 1 0
github.com/soleilouisol/socAdmin/core/connector/mongodb.go:1444.2,1444.19 1 0
github.com/soleilouisol/socAdmin/core/connector/mongodb.go:1450.79,1458.16 5 0
github.com/soleilouisol/socAdmin/core/connector/mongodb.go:1458.16,1460.3 1 0
github.com/soleilouisol/socAdmin/core/connector/mongodb.go:1461.2,1461.12 1 0
github.com/soleilouisol/socAdmin/core/connector/mongodb.go:1467.85,1473.37 4 0
github.com/soleilouisol/socAdmin/core/connector/mongodb.go:1473.37,1475.3 1 0
github.com/soleilouisol/socAdmin/core/connector/mongodb.go:1477.2,1483.16 4 0
github.com/soleilouisol/socAdmin/core/connector/mongodb.go:1483.16,1485.3 1 0
github.com/soleilouisol/socAdmin/core/connector/mongodb.go:1486.2,1487.12 2 0
github.com/soleilouisol/socAdmin/core/connector/mongodb.go:1493.73,1497.19 3 0
github.com/soleilouisol/socAdmin/core/connector/mongodb.go:1497.19,1499.3 1 0
github.com/soleilouisol/socAdmin/core/connector/mongodb.go:1501.2,1505.16 3 0
github.com/soleilouisol/socAdmin/core/connector/mongodb.go:1505.16,1507.3 1 0
github.com/soleilouisol/socAdmin/core/connector/mongodb.go:1509.2,1510.9 2 0
github.com/soleilouisol/socAdmin/core/connector/mongodb.go:1510.9,1512.3 1 0
github.com/soleilouisol/socAdmin/core/connector/mongodb.go:1515.2,1516.23 2 0
github.com/soleilouisol/socAdmin/core/connector/mongodb.go:1516.23,1518.3 1 0
github.com/soleilouisol/socAdmin/core/connector/mongodb.go:1520.2,1521.38 2 0
github.com/soleilouisol/socAdmin/core/connector/mongodb.go:1521.38,1523.3 1 0
github.com/soleilouisol/socAdmin/core/connector/mongodb.go:1524.2,1524.19 1 0
github.com/soleilouisol/socAdmin/core/connector/mongodb.go:1530.94,1541.16 6 0
github.com/soleilouisol/socAdmin/core/connector/mongodb.go:1541.16,1543.3 1 0
github.com/soleilouisol/socAdmin/core/connector/mongodb.go:1544.2,1544.12 1 0
github.com/soleilouisol/socAdmin/core/connector/mongodb.go:1559.97,1564.16 4 0
github.com/soleilouisol/socAdmin/core/connector/mongodb.go:1564.16,1566.3 1 0
github.com/soleilouisol/socAdmin/core/connector/mongodb.go:1567.2,1570.23 3 0
github.com/soleilouisol/socAdmin/core/connector/mongodb.go:1570.23,1572.45 2 0
github.com/soleilouisol/socAdmin/core/connector/mongodb.go:1572.45,1573.12 1 0
github.com/soleilouisol/socAdmin/core/connector/mongodb.go:1575.3,1576.50 2 0
github.com/soleilouisol/socAdmin/core/connector/mongodb.go:1576.50,1577.12 1 0
github.com/soleilouisol/socAdmin/core/connector/mongodb.go:1580.3,1585.46 2 0
github.com/soleilouisol/socAdmin/core/connector/mongodb.go:1585.46,1586.47 1 0
github.com/soleilouisol/socAdmin/core/connector/mongodb.go:1586.47,1588.5 1 0
github.com/soleilouisol/socAdmin/core/connector/mongodb.go:1592.3,1592.26 1 0
github.com/soleilouisol/socAdmin/core/connector/mongodb.go:1592.26,1599.18 5 0
github.com/soleilouisol/socAdmin/core/connector/mongodb.go:1599.18,1600.42 1 0
github.com/soleilouisol/socAdmin/core/connector/mongodb.go:1600.42,1602.6 1 0
github.com/soleilouisol/socAdmin/core/connector/mongodb.go:1603.5,1603.41 1 0
github.com/soleilouisol/socAdmin/core/connector/mongodb.go:1603.41,1605.6 1 0
github.com/soleilouisol/socAdmin/core/connector/mongodb.go:1609.3,1609.30 1 0
github.com/soleilouisol/socAdmin/core/connector/mongodb.go:1611.2,1611.19 1 0
github.com/soleilouisol/socAdmin/core/connector/mongodb.go:1617.77,1625.16 5 0
github.com/soleilouisol/socAdmin/core/connector/mongodb.go:1625.16,1629.55 1 0
github.com/soleilouisol/socAdmin/core/connector/mongodb.go:1629.55,1631.4 1 0
github.com/soleilouisol/socAdmin/core/connector/mongodb.go:1632.3,1632.61 1 0
github.com/soleilouisol/socAdmin/core/connector/mongodb.go:1635.2,1641.51 2 0
github.com/soleilouisol/socAdmin/core/connector/mongodb.go:1641.51,1643.29 2 0
github.com/soleilouisol/socAdmin/core/connector/mongodb.go:1643.29,1644.33 1 0
github.com/soleilouisol/socAdmin/core/connector/mongodb.go:1644.33,1652.28 2 0
github.com/soleilouisol/socAdmin/core/connector/mongodb.go:1652.28,1654.6 1 0
github.com/soleilouisol/socAdmin/core/connector/mongodb.go:1655.5,1655.44 1 0
github.com/soleilouisol/socAdmin/core/connector/mongodb.go:1658.3,1658.33 1 0
github.com/soleilouisol/socAdmin/core/connector/mongodb.go:1661.2,1661.20 1 0
github.com/soleilouisol/socAdmin/core/connector/mongodb.go:1667.100,1677.16 6 0
github.com/soleilouisol/socAdmin/core/connector/mongodb.go:1677.16,1679.3 1 0
github.com/soleilouisol/socAdmin/core/connector/mongodb.go:1680.2,1682.41 2 0
github.com/soleilouisol/socAdmin/core/connector/mongodb.go:1688.105,1698.16 6 0
github.com/soleilouisol/socAdmin/core/connector/mongodb.go:1698.16,1700.3 1 0
github.com/soleilouisol/socAdmin/core/connector/mongodb.go:1701.2,1704.23 3 0
github.com/soleilouisol/socAdmin/core/connector/mongodb.go:1704.23,1706.45 2 0
github.com/soleilouisol/socAdmin/core/connector/mongodb.go:1706.45,1707.12 1 0
github.com/soleilouisol/socAdmin/core/connector/mongodb.go:1709.3,1712.44 2 0
github.com/soleilouisol/socAdmin/core/connector/mongodb.go:1712.44,1715.4 2 0
github.com/soleilouisol/socAdmin/core/connector/mongodb.go:1715.9,1715.51 1 0
github.com/soleilouisol/socAdmin/core/connector/mongodb.go:1715.51,1717.29 2 0
github.com/soleilouisol/socAdmin/core/connector/mongodb.go:1717.29,1719.5 1 0
github.com/soleilouisol/socAdmin/core/connector/mongodb.go:1720.4,1721.28 2 0
github.com/soleilouisol/socAdmin/core/connector/mongodb.go:1723.3,1723.51 1 0
github.com/soleilouisol/socAdmin/core/connector/mongodb.go:1723.51,1726.4 2 0
github.com/soleilouisol/socAdmin/core/connector/mongodb.go:1727.3,1727.43 1 0
github.com/soleilouisol/socAdmin/core/connector/mongodb.go:1727.43,1729.4 1 0
github.com/soleilouisol/socAdmin/core/connector/mongodb.go:1730.3,1730.31 1 0
github.com/soleilouisol/socAdmin/core/connector/mongodb.go:1732.2,1732.19 1 0
github.com/soleilouisol/socAdmin/core/connector/mongodb.go:1738.123,1745.16 6 0
github.com/soleilouisol/socAdmin/core/connector/mongodb.go:1745.16,1747.3 1 0
github.com/soleilouisol/socAdmin/core/connector/mongodb.go:1748.2,1754.23 4 0
github.com/soleilouisol/socAdmin/core/connector/mongodb.go:1754.23,1756.45 2 0
github.com/soleilouisol/socAdmin/core/connector/mongodb.go:1756.45,1757.12 1 0
github.com/soleilouisol/socAdmin/core/connector/mongodb.go:1759.3,1760.29 2 0
github.com/soleilouisol/socAdmin/core/connector/mongodb.go:1760.29,1762.30 2 0
github.com/soleilouisol/socAdmin/core/connector/mongodb.go:1762.30,1764.5 1 0
github.com/soleilouisol/socAdmin/core/connector/mongodb.go:1765.4,1765.31 1 0
github.com/soleilouisol/socAdmin/core/connector/mongodb.go:1769.2,1772.28 3 0
github.com/soleilouisol/socAdmin/core/connector/mongodb.go:1772.28,1773.17 1 0
github.com/soleilouisol/socAdmin/core/connector/mongodb.go:1773.17,1775.4 1 0
github.com/soleilouisol/socAdmin/core/connector/mongodb.go:1777.2,1778.30 2 0
github.com/soleilouisol/socAdmin/core/connector/mongodb.go:1778.30,1780.3 1 0
github.com/soleilouisol/socAdmin/core/connector/mongodb.go:1782.2,1782.31 1 0
github.com/soleilouisol/socAdmin/core/connector/mongodb.go:1782.31,1788.31 5 0
github.com/soleilouisol/socAdmin/core/connector/mongodb.go:1788.31,1794.24 2 0
github.com/soleilouisol/socAdmin/core/connector/mongodb.go:1794.24,1797.5 2 0
github.com/soleilouisol/socAdmin/core/connector/mongodb.go:1799.3,1801.31 3 0
github.com/soleilouisol/socAdmin/core/connector/mongodb.go:1801.31,1803.4 1 0
github.com/soleilouisol/socAdmin/core/connector/mongodb.go:1804.3,1812.5 2 0
github.com/soleilouisol/socAdmin/core/connector/mongodb.go:1814.2,1814.20 1 0
github.com/soleilouisol/socAdmin/core/connector/mongodb.go:1820.71,1828.16 5 0
github.com/soleilouisol/socAdmin/core/connector/mongodb.go:1828.16,1830.3 1 0
github.com/soleilouisol/socAdmin/core/connector/mongodb.go:1832.2,1833.9 2 0
github.com/soleilouisol/socAdmin/core/connector/mongodb.go:1833.9,1835.3 1 0
github.com/soleilouisol/socAdmin/core/connector/mongodb.go:1837.2,1838.31 2 0
github.com/soleilouisol/socAdmin/core/connector/mongodb.go:1838.31,1839.19 1 0
github.com/soleilouisol/socAdmin/core/connector/mongodb.go:1839.19,1840.12 1 0
github.com/soleilouisol/socAdmin/core/connector/mongodb.go:1842.3,1843.10 2 0
github.com/soleilouisol/socAdmin/core/connector/mongodb.go:1843.10,1844.12 1 0
github.com/soleilouisol/socAdmin/core/connector/mongodb.go:1847.3,1851.118 2 0
github.com/soleilouisol/socAdmin/core/connector/mongodb.go:1851.118,1852.42 1 0
github.com/soleilouisol/socAdmin/core/connector/mongodb.go:1852.42,1855.5 2 0
github.com/soleilouisol/socAdmin/core/connector/mongodb.go:1857.3,1857.31 1 0
github.com/soleilouisol/socAdmin/core/connector/mongodb.go:1861.2,1861.40 1 0
github.com/soleilouisol/socAdmin/core/connector/mongodb.go:1861.40,1865.3 3 0
github.com/soleilouisol/socAdmin/core/connector/mongodb.go:1868.2,1868.21 1 0
github.com/soleilouisol/socAdmin/core/connector/mongodb.go:1868.21,1870.3 1 0
github.com/soleilouisol/socAdmin/core/connector/mongodb.go:1872.2,1872.19 1 0
github.com/soleilouisol/socAdmin/core/connector/mongodb.go:1875.40,1876.14 1 0
github.com/soleilouisol/socAdmin/core/connector/mongodb.go:1876.14,1878.3 1 0
github.com/soleilouisol/socAdmin/core/connector/mongodb.go:1879.2,1879.25 1 0
github.com/soleilouisol/socAdmin/core/connector/mongodb.go:1880.13,1881.20 1 0
github.com/soleilouisol/socAdmin/core/connector/mongodb.go:1882.13,1883.13 1 0
github.com/soleilouisol/socAdmin/core/connector/mongodb.go:1884.15,1885.20 1 0
github.com/soleilouisol/socAdmin/core/connector/mongodb.go:1886.10,1887.11 1 0
github.com/soleilouisol/socAdmin/core/connector/mongodb.go:1903.99,1914.16 6 0
github.com/soleilouisol/socAdmin/core/connector/mongodb.go:1914.16,1916.3 1 0
github.com/soleilouisol/socAdmin/core/connector/mongodb.go:1918.2,1920.9 3 0
github.com/soleilouisol/socAdmin/core/connector/mongodb.go:1920.9,1922.3 1 0
github.com/soleilouisol/socAdmin/core/connector/mongodb.go:1923.2,1923.26 1 0
github.com/soleilouisol/socAdmin/core/connector/mongodb.go:1923.26,1925.10 2 0
github.com/soleilouisol/socAdmin/core/connector/mongodb.go:1925.10,1926.12 1 0
github.com/soleilouisol/socAdmin/core/connector/mongodb.go:1928.3,1933.50 2 0
github.com/soleilouisol/socAdmin/core/connector/mongodb.go:1933.50,1934.28 1 0
github.com/soleilouisol/socAdmin/core/connector/mongodb.go:1934.28,1935.32 1 0
github.com/soleilouisol/socAdmin/core/connector/mongodb.go:1935.32,1937.6 1 0
github.com/soleilouisol/socAdmin/core/connector/mongodb.go:1940.3,1940.52 1 0
github.com/soleilouisol/socAdmin/core/connector/mongodb.go:1940.52,1941.27 1 0
github.com/soleilouisol/socAdmin/core/connector/mongodb.go:1941.27,1942.33 1 0
github.com/soleilouisol/socAdmin/core/connector/mongodb.go:1942.33,1944.6 1 0
github.com/soleilouisol/socAdmin/core/connector/mongodb.go:1947.3,1947.26 1 0
github.com/soleilouisol/socAdmin/core/connector/mongodb.go:1949.2,1949.17 1 0
github.com/soleilouisol/socAdmin/core/connector/mongodb.go:1955.112,1960.26 4 0
github.com/soleilouisol/socAdmin/core/connector/mongodb.go:1960.26,1962.3 1 0
github.com/soleilouisol/socAdmin/core/connector/mongodb.go:1962.8,1962.96 1 0
github.com/soleilouisol/socAdmin/core/connector/mongodb.go:1962.96,1964.3 1 0
github.com/soleilouisol/socAdmin/core/connector/mongodb.go:1966.2,1967.30 2 0
github.com/soleilouisol/socAdmin/core/connector/mongodb.go:1967.30,1969.3 1 0
github.com/soleilouisol/socAdmin/core/connector/mongodb.go:1969.8,1969.104 1 0
github.com/soleilouisol/socAdmin/core/connector/mongodb.go:1969.104,1971.3 1 0
github.com/soleilouisol/socAdmin/core/connector/mongodb.go:1973.2,1978.63 2 0
github.com/soleilouisol/socAdmin/core/connector/mongodb.go:1982.112,1988.26 4 0
github.com/soleilouisol/socAdmin/core/connector/mongodb.go:1988.26,1990.90 2 0
github.com/soleilouisol/socAdmin/core/connector/mongodb.go:1990.90,1992.4 1 0
github.com/soleilouisol/socAdmin/core/connector/mongodb.go:1993.3,1993.66 1 0
github.com/soleilouisol/socAdmin/core/connector/mongodb.go:1996.2,1996.30 1 0
github.com/soleilouisol/socAdmin/core/connector/mongodb.go:1996.30,1998.98 2 0
github.com/soleilouisol/socAdmin/core/connector/mongodb.go:1998.98,2000.4 1 0
github.com/soleilouisol/socAdmin/core/connector/mongodb.go:2001.3,2001.65 1 0
github.com/soleilouisol/socAdmin/core/connector/mongodb.go:2004.2,2004.63 1 0
github.com/soleilouisol/socAdmin/core/connector/mongodb.go:2008.74,2014.2 4 0
github.com/soleilouisol/socAdmin/core/connector/mongodb.go:2030.79,2035.16 4 0
github.com/soleilouisol/socAdmin/core/connector/mongodb.go:2035.16,2037.3 1 0
github.com/soleilouisol/socAdmin/core/connector/mongodb.go:2038.2,2039.35 2 0
github.com/soleilouisol/socAdmin/core/connector/mongodb.go:2039.35,2040.40 1 0
github.com/soleilouisol/socAdmin/core/connector/mongodb.go:2040.40,2042.4 1 0
github.com/soleilouisol/socAdmin/core/connector/mongodb.go:2044.2,2044.17 1 0
github.com/soleilouisol/socAdmin/core/connector/mongodb.go:2048.104,2052.32 3 0
github.com/soleilouisol/socAdmin/core/connector/mongodb.go:2052.32,2054.3 1 0
github.com/soleilouisol/socAdmin/core/connector/mongodb.go:2055.2,2058.16 4 0
github.com/soleilouisol/socAdmin/core/connector/mongodb.go:2058.16,2060.3 1 0
github.com/soleilouisol/socAdmin/core/connector/mongodb.go:2061.2,2064.23 3 0
github.com/soleilouisol/socAdmin/core/connector/mongodb.go:2064.23,2066.45 2 0
github.com/soleilouisol/socAdmin/core/connector/mongodb.go:2066.45,2067.12 1 0
github.com/soleilouisol/socAdmin/core/connector/mongodb.go:2069.3,2073.48 2 0
github.com/soleilouisol/socAdmin/core/connector/mongodb.go:2073.48,2075.4 1 0
github.com/soleilouisol/socAdmin/core/connector/mongodb.go:2075.9,2077.4 1 0
github.com/soleilouisol/socAdmin/core/connector/mongodb.go:2078.3,2079.53 2 0
github.com/soleilouisol/socAdmin/core/connector/mongodb.go:2079.53,2081.4 1 0
github.com/soleilouisol/socAdmin/core/connector/mongodb.go:2082.3,2082.53 1 0
github.com/soleilouisol/socAdmin/core/connector/mongodb.go:2082.53,2085.4 2 0
github.com/soleilouisol/socAdmin/core/connector/mongodb.go:2086.3,2086.26 1 0
github.com/soleilouisol/socAdmin/core/connector/mongodb.go:2088.2,2088.17 1 0
github.com/soleilouisol/socAdmin/core/connector/mongodb.go:2092.107,2100.16 6 0
github.com/soleilouisol/socAdmin/core/connector/mongodb.go:2100.16,2102.3 1 0
github.com/soleilouisol/socAdmin/core/connector/mongodb.go:2103.2,2105.46 2 0
github.com/soleilouisol/socAdmin/core/connector/mongodb.go:2105.46,2107.3 1 0
github.com/soleilouisol/socAdmin/core/connector/mongodb.go:2108.2,2108.39 1 0
github.com/soleilouisol/socAdmin/core/connector/mongodb.go:2108.39,2110.3 1 0
github.com/soleilouisol/socAdmin/core/connector/mongodb.go:2112.2,2112.50 1 0
github.com/soleilouisol/socAdmin/core/connector/mongodb.go:2112.50,2114.3 1 0
github.com/soleilouisol/socAdmin/core/connector/mongodb.go:2115.2,2115.46 1 0
github.com/soleilouisol/socAdmin/core/connector/mongodb.go:2119.102,2127.16 6 0
github.com/soleilouisol/socAdmin/core/connector/mongodb.go:2127.16,2129.3 1 0
github.com/soleilouisol/socAdmin/core/connector/mongodb.go:2132.2,2134.16 3 0
github.com/soleilouisol/socAdmin/core/connector/mongodb.go:2134.16,2136.3 1 0
github.com/soleilouisol/socAdmin/core/connector/mongodb.go:2137.2,2140.16 3 0
github.com/soleilouisol/socAdmin/core/connector/mongodb.go:2140.16,2142.3 1 0
github.com/soleilouisol/socAdmin/core/connector/mongodb.go:2143.2,2147.6 4 0
github.com/soleilouisol/socAdmin/core/connector/mongodb.go:2147.6,2149.12 2 0
github.com/soleilouisol/socAdmin/core/connector/mongodb.go:2149.12,2151.4 1 0
github.com/soleilouisol/socAdmin/core/connector/mongodb.go:2152.3,2152.18 1 0
github.com/soleilouisol/socAdmin/core/connector/mongodb.go:2152.18,2153.9 1 0
github.com/soleilouisol/socAdmin/core/connector/mongodb.go:2156.2,2156.27 1 0
github.com/soleilouisol/socAdmin/core/connector/mongodb.go:2160.82,2168.16 6 0
github.com/soleilouisol/socAdmin/core/connector/mongodb.go:2168.16,2170.3 1 0
github.com/soleilouisol/socAdmin/core/connector/mongodb.go:2171.2,2171.27 1 0
github.com/soleilouisol/socAdmin/core/connector/mongodb.go:2175.106,2180.85 4 0
github.com/soleilouisol/socAdmin/core/connector/mongodb.go:2180.85,2182.3 1 0
github.com/soleilouisol/socAdmin/core/connector/mongodb.go:2185.2,2186.33 2 0
github.com/soleilouisol/socAdmin/core/connector/mongodb.go:2186.33,2187.28 1 0
github.com/soleilouisol/socAdmin/core/connector/mongodb.go:2188.15,2190.24 2 0
github.com/soleilouisol/socAdmin/core/connector/mongodb.go:2190.24,2192.5 1 0
github.com/soleilouisol/socAdmin/core/connector/mongodb.go:2193.4,2193.44 1 0
github.com/soleilouisol/socAdmin/core/connector/mongodb.go:2194.15,2195.44 1 0
github.com/soleilouisol/socAdmin/core/connector/mongodb.go:2196.11,2197.68 1 0
github.com/soleilouisol/socAdmin/core/connector/mongodb.go:2201.2,2203.16 3 0
github.com/soleilouisol/socAdmin/core/connector/mongodb.go:2203.16,2205.3 1 0
github.com/soleilouisol/socAdmin/core/connector/mongodb.go:2206.2,2208.41 2 0
github.com/soleilouisol/socAdmin/core/connector/mongodb.go:2213.62,2215.2 1 0
github.com/soleilouisol/socAdmin/core/connector/mongodb.go:2217.40,2218.21 1 0
github.com/soleilouisol/socAdmin/core/connector/mongodb.go:2218.21,2222.3 3 0
github.com/soleilouisol/socAdmin/core/connector/mongodb.go:2223.2,2223.12 1 0
github.com/soleilouisol/socAdmin/core/connector/mongodb.go:2227.55,2234.2 1 0
github.com/soleilouisol/socAdmin/core/connector/mongodb.go:2238.57,2240.23 2 0
github.com/soleilouisol/socAdmin/core/connector/mongodb.go:2240.23,2241.17 1 0
github.com/soleilouisol/socAdmin/core/connector/mongodb.go:2241.17,2242.31 1 0
github.com/soleilouisol/socAdmin/core/connector/mongodb.go:2242.31,2243.56 1 0
github.com/soleilouisol/socAdmin/core/connector/mongodb.go:2243.56,2245.14 2 0
github.com/soleilouisol/socAdmin/core/connector/mongodb.go:2249.3,2249.16 1 0
github.com/soleilouisol/socAdmin/core/connector/mongodb.go:2251.2,2251.15 1 0
github.com/soleilouisol/socAdmin/core/connector/mongodb.go:2255.47,2256.16 1 0
github.com/soleilouisol/socAdmin/core/connector/mongodb.go:2256.16,2258.3 1 0
github.com/soleilouisol/socAdmin/core/connector/mongodb.go:2259.2,2262.9 3 0
github.com/soleilouisol/socAdmin/core/connector/mongodb.go:2263.46,2264.20 1 0
github.com/soleilouisol/socAdmin/core/connector/mongodb.go:2265.82,2266.16 1 0
github.com/soleilouisol/socAdmin/core/connector/mongodb.go:2267.66,2268.17 1 0
github.com/soleilouisol/socAdmin/core/connector/mongodb.go:2269.66,2270.18 1 0
github.com/soleilouisol/socAdmin/core/connector/mongodb.go:2271.28,2272.18 1 0
github.com/soleilouisol/socAdmin/core/connector/mongodb.go:2275.2,2275.20 1 0
github.com/soleilouisol/socAdmin/core/connector/mongodb.go:2276.14,2277.18 1 0
github.com/soleilouisol/socAdmin/core/connector/mongodb.go:2278.25,2279.15 1 0
github.com/soleilouisol/socAdmin/core/connector/mongodb.go:2280.24,2281.18 1 0
github.com/soleilouisol/socAdmin/core/connector/mongodb.go:2282.12,2283.19 1 0
github.com/soleilouisol/socAdmin/core/connector/mongodb.go:2284.10,2285.18 1 0
github.com/soleilouisol/socAdmin/core/connector/mongodb.go:2304.149,2309.21 4 0
github.com/soleilouisol/socAdmin/core/connector/mongodb.go:2309.21,2311.3 1 0
github.com/soleilouisol/socAdmin/core/connector/mongodb.go:2312.2,2312.23 1 0
github.com/soleilouisol/socAdmin/core/connector/mongodb.go:2312.23,2314.3 1 0
github.com/soleilouisol/socAdmin/core/connector/mongodb.go:2316.2,2320.28 2 0
github.com/soleilouisol/socAdmin/core/connector/mongodb.go:2320.28,2322.3 1 0
github.com/soleilouisol/socAdmin/core/connector/mongodb.go:2324.2,2325.73 2 0
github.com/soleilouisol/socAdmin/core/connector/mongodb.go:2330.101,2335.16 4 0
github.com/soleilouisol/socAdmin/core/connector/mongodb.go:2335.16,2337.3 1 0
github.com/soleilouisol/socAdmin/core/connector/mongodb.go:2338.2,2340.23 2 0
github.com/soleilouisol/socAdmin/core/connector/mongodb.go:2340.23,2342.3 1 0
github.com/soleilouisol/socAdmin/core/connector/mongodb.go:2344.2,2345.44 2 0
github.com/soleilouisol/socAdmin/core/connector/mongodb.go:2345.44,2347.3 1 0
github.com/soleilouisol/socAdmin/core/connector/mongodb.go:2349.2,2350.9 2 0
github.com/soleilouisol/socAdmin/core/connector/mongodb.go:2350.9,2352.3 1 0
github.com/soleilouisol/socAdmin/core/connector/mongodb.go:2353.2,2354.9 2 0
github.com/soleilouisol/socAdmin/core/connector/mongodb.go:2354.9,2356.3 1 0
github.com/soleilouisol/socAdmin/core/connector/mongodb.go:2358.2,2359.43 2 0
github.com/soleilouisol/socAdmin/core/connector/mongodb.go:2359.43,2361.3 1 0
github.com/soleilouisol/socAdmin/core/connector/mongodb.go:2362.2,2362.43 1 0
github.com/soleilouisol/socAdmin/core/connector/mongodb.go:2362.43,2364.3 1 0
github.com/soleilouisol/socAdmin/core/connector/mongodb.go:2365.2,2365.45 1 0
github.com/soleilouisol/socAdmin/core/connector/mongodb.go:2365.45,2367.3 1 0
github.com/soleilouisol/socAdmin/core/connector/mongodb.go:2368.2,2368.53 1 0
github.com/soleilouisol/socAdmin/core/connector/mongodb.go:2368.53,2370.3 1 0
github.com/soleilouisol/socAdmin/core/connector/mongodb.go:2370.8,2370.60 1 0
github.com/soleilouisol/socAdmin/core/connector/mongodb.go:2370.60,2372.3 1 0
github.com/soleilouisol/socAdmin/core/connector/mongodb.go:2373.2,2373.54 1 0
github.com/soleilouisol/socAdmin/core/connector/mongodb.go:2373.54,2375.3 1 0
github.com/soleilouisol/socAdmin/core/connector/mongodb.go:2375.8,2375.61 1 0
github.com/soleilouisol/socAdmin/core/connector/mongodb.go:2375.61,2377.3 1 0
github.com/soleilouisol/socAdmin/core/connector/mongodb.go:2378.2,2378.53 1 0
github.com/soleilouisol/socAdmin/core/connector/mongodb.go:2378.53,2380.3 1 0
github.com/soleilouisol/socAdmin/core/connector/mongodb.go:2380.8,2380.60 1 0
github.com/soleilouisol/socAdmin/core/connector/mongodb.go:2380.60,2382.3 1 0
github.com/soleilouisol/socAdmin/core/connector/mongodb.go:2383.2,2383.18 1 0
github.com/soleilouisol/socAdmin/core/connector/mongodb.go:2421.80,2430.16 6 0
github.com/soleilouisol/socAdmin/core/connector/mongodb.go:2430.16,2433.3 1 0
github.com/soleilouisol/socAdmin/core/connector/mongodb.go:2435.2,2437.52 2 0
github.com/soleilouisol/socAdmin/core/connector/mongodb.go:2437.52,2438.31 1 0
github.com/soleilouisol/socAdmin/core/connector/mongodb.go:2438.31,2440.11 2 0
github.com/soleilouisol/socAdmin/core/connector/mongodb.go:2440.11,2441.13 1 0
github.com/soleilouisol/socAdmin/core/connector/mongodb.go:2443.4,2444.45 2 0
github.com/soleilouisol/socAdmin/core/connector/mongodb.go:2444.45,2446.5 1 0
github.com/soleilouisol/socAdmin/core/connector/mongodb.go:2447.4,2447.46 1 0
github.com/soleilouisol/socAdmin/core/connector/mongodb.go:2447.46,2449.5 1 0
github.com/soleilouisol/socAdmin/core/connector/mongodb.go:2450.4,2450.46 1 0
github.com/soleilouisol/socAdmin/core/connector/mongodb.go:2450.46,2452.5 1 0
github.com/soleilouisol/socAdmin/core/connector/mongodb.go:2453.4,2453.52 1 0
github.com/soleilouisol/socAdmin/core/connector/mongodb.go:2453.52,2454.31 1 0
github.com/soleilouisol/socAdmin/core/connector/mongodb.go:2454.31,2455.34 1 0
github.com/soleilouisol/socAdmin/core/connector/mongodb.go:2455.34,2457.7 1 0
github.com/soleilouisol/socAdmin/core/connector/mongodb.go:2460.4,2460.44 1 0
github.com/soleilouisol/socAdmin/core/connector/mongodb.go:2465.2,2466.126 2 0
github.com/soleilouisol/socAdmin/core/connector/mongodb.go:2466.126,2467.52 1 0
github.com/soleilouisol/socAdmin/core/connector/mongodb.go:2467.52,2469.4 1 0
github.com/soleilouisol/socAdmin/core/connector/mongodb.go:2470.3,2470.43 1 0
github.com/soleilouisol/socAdmin/core/connector/mongodb.go:2470.43,2472.4 1 0
github.com/soleilouisol/socAdmin/core/connector/mongodb.go:2475.2,2475.18 1 0
github.com/soleilouisol/socAdmin/core/connector/mongodb.go:2480.114,2491.16 8 0
github.com/soleilouisol/socAdmin/core/connector/mongodb.go:2491.16,2494.3 1 0
github.com/soleilouisol/socAdmin/core/connector/mongodb.go:2495.2,2496.44 2 0
github.com/soleilouisol/socAdmin/core/connector/mongodb.go:2496.44,2498.3 1 0
github.com/soleilouisol/socAdmin/core/connector/mongodb.go:2499.2,2499.43 1 0
github.com/soleilouisol/socAdmin/core/connector/mongodb.go:2499.43,2501.3 1 0
github.com/soleilouisol/socAdmin/core/connector/mongodb.go:2504.2,2505.16 2 0
github.com/soleilouisol/socAdmin/core/connector/mongodb.go:2505.16,2507.3 1 0
github.com/soleilouisol/socAdmin/core/connector/mongodb.go:2507.8,2509.38 1 0
github.com/soleilouisol/socAdmin/core/connector/mongodb.go:2509.38,2511.18 2 0
github.com/soleilouisol/socAdmin/core/connector/mongodb.go:2511.18,2513.5 1 0
github.com/soleilouisol/socAdmin/core/connector/mongodb.go:2518.2,2523.16 3 0
github.com/soleilouisol/socAdmin/core/connector/mongodb.go:2523.16,2525.24 2 0
github.com/soleilouisol/socAdmin/core/connector/mongodb.go:2525.24,2527.46 2 0
github.com/soleilouisol/socAdmin/core/connector/mongodb.go:2527.46,2528.13 1 0
github.com/soleilouisol/socAdmin/core/connector/mongodb.go:2530.4,2532.36 3 0
github.com/soleilouisol/socAdmin/core/connector/mongodb.go:2533.15,2534.14 1 0
github.com/soleilouisol/socAdmin/core/connector/mongodb.go:2535.15,2536.21 1 0
github.com/soleilouisol/socAdmin/core/connector/mongodb.go:2538.4,2541.6 1 0
github.com/soleilouisol/socAdmin/core/connector/mongodb.go:2545.2,2545.18 1 0
github.com/soleilouisol/socAdmin/core/connector/mongodb.go:2549.51,2550.16 1 0
github.com/soleilouisol/socAdmin/core/connector/mongodb.go:2550.16,2552.3 1 0
github.com/soleilouisol/socAdmin/core/connector/mongodb.go:2553.2,2553.25 1 0
github.com/soleilouisol/socAdmin/core/connector/mongodb.go:2554.21,2555.17 1 0
github.com/soleilouisol/socAdmin/core/connector/mongodb.go:2556.14,2558.19 2 0
github.com/soleilouisol/socAdmin/core/connector/mongodb.go:2559.14,2561.23 2 0
github.com/soleilouisol/socAdmin/core/connector/mongodb.go:2561.23,2563.4 1 0
github.com/soleilouisol/socAdmin/core/connector/mongodb.go:2564.3,2565.19 2 0
github.com/soleilouisol/socAdmin/core/connector/mongodb.go:2566.14,2568.19 2 0
github.com/soleilouisol/socAdmin/core/connector/mongodb.go:2569.10,2570.32 1 0
github.com/soleilouisol/socAdmin/core/connector/mongodb.go:2574.52,2575.20 1 0
github.com/soleilouisol/socAdmin/core/connector/mongodb.go:2575.20,2577.3 1 0
github.com/soleilouisol/socAdmin/core/connector/mongodb.go:2580.2,2581.27 2 0
github.com/soleilouisol/socAdmin/core/connector/mongodb.go:2581.27,2582.22 1 0
github.com/soleilouisol/socAdmin/core/connector/mongodb.go:2582.22,2584.4 1 0
github.com/soleilouisol/socAdmin/core/connector/mongodb.go:2587.2,2588.19 2 0
github.com/soleilouisol/socAdmin/core/connector/mongodb.go:2588.19,2591.3 2 0
github.com/soleilouisol/socAdmin/core/connector/mongodb.go:2592.2,2593.24 2 0
github.com/soleilouisol/socAdmin/core/connector/mongodb.go:2593.24,2595.3 1 0
github.com/soleilouisol/socAdmin/core/connector/mongodb.go:2596.2,2600.27 4 0
github.com/soleilouisol/socAdmin/core/connector/mongodb.go:2600.27,2602.31 2 0
github.com/soleilouisol/socAdmin/core/connector/mongodb.go:2602.31,2603.31 1 0
github.com/soleilouisol/socAdmin/core/connector/mongodb.go:2603.31,2605.5 1 0
github.com/soleilouisol/socAdmin/core/connector/mongodb.go:2605.10,2607.5 1 0
github.com/soleilouisol/socAdmin/core/connector/mongodb.go:2609.3,2609.27 1 0
github.com/soleilouisol/socAdmin/core/connector/mongodb.go:2612.2,2612.51 1 0
github.com/soleilouisol/socAdmin/core/connector/mongodb.go:2615.91,2617.47 2 0
github.com/soleilouisol/socAdmin/core/connector/mongodb.go:2617.47,2619.3 1 0
github.com/soleilouisol/socAdmin/core/connector/mongodb.go:2620.2,2620.37 1 0
github.com/soleilouisol/socAdmin/core/connector/mongodb.go:2623.63,2625.27 2 0
github.com/soleilouisol/socAdmin/core/connector/mongodb.go:2625.27,2626.35 1 0
github.com/soleilouisol/socAdmin/core/connector/mongodb.go:2626.35,2628.4 1 0
github.com/soleilouisol/socAdmin/core/connector/mongodb.go:2630.2,2630.37 1 0
github.com/soleilouisol/socAdmin/core/connector/mongodb.go:2648.125,2652.16 4 0
github.com/soleilouisol/socAdmin/core/connector/mongodb.go:2652.16,2654.3 1 0
github.com/soleilouisol/socAdmin/core/connector/mongodb.go:2655.2,2657.19 2 0
github.com/soleilouisol/socAdmin/core/connector/mongodb.go:2657.19,2659.41 2 0
github.com/soleilouisol/socAdmin/core/connector/mongodb.go:2659.41,2660.12 1 0
github.com/soleilouisol/socAdmin/core/connector/mongodb.go:2663.3,2668.39 2 0
github.com/soleilouisol/socAdmin/core/connector/mongodb.go:2668.39,2671.4 2 0
github.com/soleilouisol/socAdmin/core/connector/mongodb.go:2673.3,2673.49 1 0
github.com/soleilouisol/socAdmin/core/connector/mongodb.go:2673.49,2675.25 2 0
github.com/soleilouisol/socAdmin/core/connector/mongodb.go:2675.25,2677.5 1 0
github.com/soleilouisol/socAdmin/core/connector/mongodb.go:2680.3,2680.48 1 0
github.com/soleilouisol/socAdmin/core/connector/mongodb.go:2680.48,2682.25 2 0
github.com/soleilouisol/socAdmin/core/connector/mongodb.go:2682.25,2684.5 1 0
github.com/soleilouisol/socAdmin/core/connector/mongodb.go:2687.3,2687.10 1 0
github.com/soleilouisol/socAdmin/core/connector/mongodb.go:2688.22,2688.22 0 0
github.com/soleilouisol/socAdmin/core/connector/mongodb.go:2689.21,2690.20 1 0
github.com/soleilouisol/socAdmin/core/connector/mongodb.go:2694.2,2694.17 1 0
github.com/soleilouisol/socAdmin/core/connector/mysql.go:23.60,25.2 1 0
github.com/soleilouisol/socAdmin/core/connector/mysql.go:27.42,36.16 8 0
github.com/soleilouisol/socAdmin/core/connector/mysql.go:36.16,38.3 1 0
github.com/soleilouisol/socAdmin/core/connector/mysql.go:40.2,40.34 1 0
github.com/soleilouisol/socAdmin/core/connector/mysql.go:40.34,42.3 1 0
github.com/soleilouisol/socAdmin/core/connector/mysql.go:44.2,48.12 4 0
github.com/soleilouisol/socAdmin/core/connector/mysql.go:51.60,53.16 2 0
github.com/soleilouisol/socAdmin/core/connector/mysql.go:53.16,55.3 1 0
github.com/soleilouisol/socAdmin/core/connector/mysql.go:56.2,59.18 3 0
github.com/soleilouisol/socAdmin/core/connector/mysql.go:59.18,61.42 2 0
github.com/soleilouisol/socAdmin/core/connector/mysql.go:61.42,63.4 1 0
github.com/soleilouisol/socAdmin/core/connector/mysql.go:64.3,64.38 1 0
github.com/soleilouisol/socAdmin/core/connector/mysql.go:66.2,66.23 1 0
github.com/soleilouisol/socAdmin/core/connector/mysql.go:69.60,72.2 2 0
github.com/soleilouisol/socAdmin/core/connector/mysql.go:74.58,77.2 2 0
github.com/soleilouisol/socAdmin/core/connector/mysql.go:79.101,82.30 3 0
github.com/soleilouisol/socAdmin/core/connector/mysql.go:82.30,84.20 2 0
github.com/soleilouisol/socAdmin/core/connector/mysql.go:84.20,86.4 1 0
github.com/soleilouisol/socAdmin/core/connector/mysql.go:87.3,87.24 1 0
github.com/soleilouisol/socAdmin/core/connector/mysql.go:87.24,89.4 1 0
github.com/soleilouisol/socAdmin/core/connector/mysql.go:90.3,90.29 1 0
github.com/soleilouisol/socAdmin/core/connector/mysql.go:90.29,92.4 1 0
github.com/soleilouisol/socAdmin/core/connector/mysql.go:93.3,94.21 2 0
github.com/soleilouisol/socAdmin/core/connector/mysql.go:94.21,96.4 1 0
github.com/soleilouisol/socAdmin/core/connector/mysql.go:98.2,98.18 1 0
github.com/soleilouisol/socAdmin/core/connector/mysql.go:98.18,100.3 1 0
github.com/soleilouisol/socAdmin/core/connector/mysql.go:101.2,104.12 3 0
github.com/soleilouisol/socAdmin/core/connector/mysql.go:107.72,109.16 2 0
github.com/soleilouisol/socAdmin/core/connector/mysql.go:109.16,111.3 1 0
github.com/soleilouisol/socAdmin/core/connector/mysql.go:112.2,115.18 3 0
github.com/soleilouisol/socAdmin/core/connector/mysql.go:115.18,117.42 2 0
github.com/soleilouisol/socAdmin/core/connector/mysql.go:117.42,119.4 1 0
github.com/soleilouisol/socAdmin/core/connector/mysql.go:120.3,120.32 1 0
github.com/soleilouisol/socAdmin/core/connector/mysql.go:122.2,122.20 1 0
github.com/soleilouisol/socAdmin/core/connector/mysql.go:125.82,128.16 3 0
github.com/soleilouisol/socAdmin/core/connector/mysql.go:128.16,130.3 1 0
github.com/soleilouisol/socAdmin/core/connector/mysql.go:131.2,134.18 3 0
github.com/soleilouisol/socAdmin/core/connector/mysql.go:134.18,136.104 2 0
github.com/soleilouisol/socAdmin/core/connector/mysql.go:136.104,138.4 1 0
github.com/soleilouisol/socAdmin/core/connector/mysql.go:139.3,139.33 1 0
github.com/soleilouisol/socAdmin/core/connector/mysql.go:141.2,141.21 1 0
github.com/soleilouisol/socAdmin/core/connector/mysql.go:144.99,148.2 2 0
github.com/soleilouisol/socAdmin/core/connector/mysql.go:150.95,156.2 4 0
github.com/soleilouisol/socAdmin/core/connector/mysql.go:158.130,166.2 6 0
github.com/soleilouisol/socAdmin/core/connector/mysql.go:168.101,174.2 4 0
github.com/soleilouisol/socAdmin/core/connector/mysql.go:176.85,177.20 1 0
github.com/soleilouisol/socAdmin/core/connector/mysql.go:177.20,179.17 2 0
github.com/soleilouisol/socAdmin/core/connector/mysql.go:179.17,181.4 1 0
github.com/soleilouisol/socAdmin/core/connector/mysql.go:182.3,183.30 2 0
github.com/soleilouisol/socAdmin/core/connector/mysql.go:185.2,185.31 1 0
github.com/soleilouisol/socAdmin/core/connector/mysql.go:188.66,192.2 3 0
github.com/soleilouisol/socAdmin/core/connector/mysql.go:194.86,196.15 2 0
github.com/soleilouisol/socAdmin/core/connector/mysql.go:197.13,198.37 1 0
github.com/soleilouisol/socAdmin/core/connector/mysql.go:198.37,200.4 1 0
github.com/soleilouisol/socAdmin/core/connector/mysql.go:201.3,201.50 1 0
github.com/soleilouisol/socAdmin/core/connector/mysql.go:201.50,203.4 1 0
github.com/soleilouisol/socAdmin/core/connector/mysql.go:204.3,205.19 2 0
github.com/soleilouisol/socAdmin/core/connector/mysql.go:205.19,207.4 1 0
github.com/soleilouisol/socAdmin/core/connector/mysql.go:208.3,208.28 1 0
github.com/soleilouisol/socAdmin/core/connector/mysql.go:208.28,210.4 1 0
github.com/soleilouisol/socAdmin/core/connector/mysql.go:211.3,212.13 2 0
github.com/soleilouisol/socAdmin/core/connector/mysql.go:213.14,214.20 1 0
github.com/soleilouisol/socAdmin/core/connector/mysql.go:214.20,216.4 1 0
github.com/soleilouisol/socAdmin/core/connector/mysql.go:217.3,218.13 2 0
github.com/soleilouisol/socAdmin/core/connector/mysql.go:219.16,220.40 1 0
github.com/soleilouisol/socAdmin/core/connector/mysql.go:220.40,222.4 1 0
github.com/soleilouisol/socAdmin/core/connector/mysql.go:223.3,225.13 2 0
github.com/soleilouisol/socAdmin/core/connector/mysql.go:226.16,227.37 1 0
github.com/soleilouisol/socAdmin/core/connector/mysql.go:227.37,229.4 1 0
github.com/soleilouisol/socAdmin/core/connector/mysql.go:230.3,230.50 1 0
github.com/soleilouisol/socAdmin/core/connector/mysql.go:230.50,232.4 1 0
github.com/soleilouisol/socAdmin/core/connector/mysql.go:233.3,234.19 2 0
github.com/soleilouisol/socAdmin/core/connector/mysql.go:234.19,236.4 1 0
github.com/soleilouisol/socAdmin/core/connector/mysql.go:237.3,237.28 1 0
github.com/soleilouisol/socAdmin/core/connector/mysql.go:237.28,239.4 1 0
github.com/soleilouisol/socAdmin/core/connector/mysql.go:240.3,241.13 2 0
github.com/soleilouisol/socAdmin/core/connector/mysql.go:242.10,243.52 1 0
github.com/soleilouisol/socAdmin/core/connector/mysql.go:247.70,251.2 3 0
github.com/soleilouisol/socAdmin/core/connector/mysql.go:254.62,256.2 1 0
github.com/soleilouisol/socAdmin/core/connector/mysql.go:258.72,259.53 1 0
github.com/soleilouisol/socAdmin/core/connector/mysql.go:259.53,261.3 1 0
github.com/soleilouisol/socAdmin/core/connector/mysql.go:265.2,275.16 11 0
github.com/soleilouisol/socAdmin/core/connector/mysql.go:275.16,277.3 1 0
github.com/soleilouisol/socAdmin/core/connector/mysql.go:278.2,278.34 1 0
github.com/soleilouisol/socAdmin/core/connector/mysql.go:278.34,281.3 2 0
github.com/soleilouisol/socAdmin/core/connector/mysql.go:282.2,282.16 1 0
github.com/soleilouisol/socAdmin/core/connector/mysql.go:289.78,290.20 1 0
github.com/soleilouisol/socAdmin/core/connector/mysql.go:290.20,292.3 1 0
github.com/soleilouisol/socAdmin/core/connector/mysql.go:293.2,294.16 2 0
github.com/soleilouisol/socAdmin/core/connector/mysql.go:294.16,296.3 1 0
github.com/soleilouisol/socAdmin/core/connector/mysql.go:297.2,299.43 2 0
github.com/soleilouisol/socAdmin/core/connector/mysql.go:299.43,301.3 1 0
github.com/soleilouisol/socAdmin/core/connector/mysql.go:302.2,302.15 1 0
github.com/soleilouisol/socAdmin/core/connector/mysql.go:305.82,309.25 4 0
github.com/soleilouisol/socAdmin/core/connector/mysql.go:309.25,313.3 3 0
github.com/soleilouisol/socAdmin/core/connector/mysql.go:314.2,314.73 1 0
github.com/soleilouisol/socAdmin/core/connector/mysql.go:317.74,320.25 3 0
github.com/soleilouisol/socAdmin/core/connector/mysql.go:320.25,323.3 2 0
github.com/soleilouisol/socAdmin/core/connector/mysql.go:324.2,324.42 1 0
github.com/soleilouisol/socAdmin/core/connector/mysql.go:327.71,330.23 3 0
github.com/soleilouisol/socAdmin/core/connector/mysql.go:330.23,333.3 2 0
github.com/soleilouisol/socAdmin/core/connector/mysql.go:334.2,334.45 1 0
github.com/soleilouisol/socAdmin/core/connector/mysql.go:337.40,338.17 1 0
github.com/soleilouisol/socAdmin/core/connector/mysql.go:338.17,340.3 1 0
github.com/soleilouisol/socAdmin/core/connector/mysql.go:341.2,341.12 1 0
github.com/soleilouisol/socAdmin/core/connector/mysql.go:345.55,352.2 1 0
github.com/soleilouisol/socAdmin/core/connector/mysql.go:354.42,357.2 2 0
github.com/soleilouisol/socAdmin/core/connector/mysql.go:361.79,363.16 2 0
github.com/soleilouisol/socAdmin/core/connector/mysql.go:363.16,365.3 1 0
github.com/soleilouisol/socAdmin/core/connector/mysql.go:366.2,373.16 3 0
github.com/soleilouisol/socAdmin/core/connector/mysql.go:373.16,375.3 1 0
github.com/soleilouisol/socAdmin/core/connector/mysql.go:376.2,379.18 3 0
github.com/soleilouisol/socAdmin/core/connector/mysql.go:379.18,381.89 2 0
github.com/soleilouisol/socAdmin/core/connector/mysql.go:381.89,383.4 1 0
github.com/soleilouisol/socAdmin/core/connector/mysql.go:384.3,384.33 1 0
github.com/soleilouisol/socAdmin/core/connector/mysql.go:386.2,386.22 1 0
github.com/soleilouisol/socAdmin/core/connector/mysql.go:389.67,390.49 1 0
github.com/soleilouisol/socAdmin/core/connector/mysql.go:390.49,392.3 1 0
github.com/soleilouisol/socAdmin/core/connector/mysql.go:393.2,394.16 2 0
github.com/soleilouisol/socAdmin/core/connector/mysql.go:394.16,396.3 1 0
github.com/soleilouisol/socAdmin/core/connector/mysql.go:397.2,399.12 3 0
github.com/soleilouisol/socAdmin/core/connector/mysql.go:404.79,406.16 2 0
github.com/soleilouisol/socAdmin/core/connector/mysql.go:406.16,408.3 1 0
github.com/soleilouisol/socAdmin/core/connector/mysql.go:409.2,416.16 3 0
github.com/soleilouisol/socAdmin/core/connector/mysql.go:416.16,418.3 1 0
github.com/soleilouisol/socAdmin/core/connector/mysql.go:419.2,422.18 3 0
github.com/soleilouisol/socAdmin/core/connector/mysql.go:422.18,425.87 3 0
github.com/soleilouisol/socAdmin/core/connector/mysql.go:425.87,427.4 1 0
github.com/soleilouisol/socAdmin/core/connector/mysql.go:428.3,428.33 1 0
github.com/soleilouisol/socAdmin/core/connector/mysql.go:432.2,432.29 1 0
github.com/soleilouisol/socAdmin/core/connector/mysql.go:432.29,434.27 2 0
github.com/soleilouisol/socAdmin/core/connector/mysql.go:434.27,436.4 1 0
github.com/soleilouisol/socAdmin/core/connector/mysql.go:437.3,439.27 3 0
github.com/soleilouisol/socAdmin/core/connector/mysql.go:439.27,442.104 2 0
github.com/soleilouisol/socAdmin/core/connector/mysql.go:442.104,444.5 1 0
github.com/soleilouisol/socAdmin/core/connector/mysql.go:445.9,447.104 2 0
github.com/soleilouisol/socAdmin/core/connector/mysql.go:447.104,449.5 1 0
github.com/soleilouisol/socAdmin/core/connector/mysql.go:453.2,453.22 1 0
github.com/soleilouisol/socAdmin/core/connector/mysql.go:456.80,457.49 1 0
github.com/soleilouisol/socAdmin/core/connector/mysql.go:457.49,459.3 1 0
github.com/soleilouisol/socAdmin/core/connector/mysql.go:460.2,461.48 2 0
github.com/soleilouisol/socAdmin/core/connector/mysql.go:461.48,463.3 1 0
github.com/soleilouisol/socAdmin/core/connector/mysql.go:464.2,465.16 2 0
github.com/soleilouisol/socAdmin/core/connector/mysql.go:465.16,467.3 1 0
github.com/soleilouisol/socAdmin/core/connector/mysql.go:468.2,470.12 3 0
github.com/soleilouisol/socAdmin/core/connector/mysql.go:475.94,476.50 1 0
github.com/soleilouisol/socAdmin/core/connector/mysql.go:476.50,478.3 1 0
github.com/soleilouisol/socAdmin/core/connector/mysql.go:479.2,481.18 3 0
github.com/soleilouisol/socAdmin/core/connector/mysql.go:481.18,483.3 1 0
github.com/soleilouisol/socAdmin/core/connector/mysql.go:485.2,486.16 2 0
github.com/soleilouisol/socAdmin/core/connector/mysql.go:486.16,488.3 1 0
github.com/soleilouisol/socAdmin/core/connector/mysql.go:489.2,492.16 3 0
github.com/soleilouisol/socAdmin/core/connector/mysql.go:492.16,494.3 1 0
github.com/soleilouisol/socAdmin/core/connector/mysql.go:495.2,499.18 3 0
github.com/soleilouisol/socAdmin/core/connector/mysql.go:499.18,501.70 2 0
github.com/soleilouisol/socAdmin/core/connector/mysql.go:501.70,502.12 1 0
github.com/soleilouisol/socAdmin/core/connector/mysql.go:504.3,504.69 1 0
github.com/soleilouisol/socAdmin/core/connector/mysql.go:506.2,506.41 1 0
github.com/soleilouisol/socAdmin/core/connector/postgres.go:29.69,31.2 1 0
github.com/soleilouisol/socAdmin/core/connector/postgres.go:33.45,36.29 2 0
github.com/soleilouisol/socAdmin/core/connector/postgres.go:36.29,38.3 1 0
github.com/soleilouisol/socAdmin/core/connector/postgres.go:40.2,41.16 2 0
github.com/soleilouisol/socAdmin/core/connector/postgres.go:41.16,43.3 1 0
github.com/soleilouisol/socAdmin/core/connector/postgres.go:45.2,45.34 1 0
github.com/soleilouisol/socAdmin/core/connector/postgres.go:45.34,48.3 2 0
github.com/soleilouisol/socAdmin/core/connector/postgres.go:50.2,54.12 4 0
github.com/soleilouisol/socAdmin/core/connector/postgres.go:57.63,59.16 2 0
github.com/soleilouisol/socAdmin/core/connector/postgres.go:59.16,61.3 1 0
github.com/soleilouisol/socAdmin/core/connector/postgres.go:62.2,65.18 3 0
github.com/soleilouisol/socAdmin/core/connector/postgres.go:65.18,67.42 2 0
github.com/soleilouisol/socAdmin/core/connector/postgres.go:67.42,69.4 1 0
github.com/soleilouisol/socAdmin/core/connector/postgres.go:70.3,70.38 1 0
github.com/soleilouisol/socAdmin/core/connector/postgres.go:72.2,72.23 1 0
github.com/soleilouisol/socAdmin/core/connector/postgres.go:75.63,78.2 2 0
github.com/soleilouisol/socAdmin/core/connector/postgres.go:80.61,83.2 2 0
github.com/soleilouisol/socAdmin/core/connector/postgres.go:85.104,87.16 2 0
github.com/soleilouisol/socAdmin/core/connector/postgres.go:87.16,89.3 1 0
github.com/soleilouisol/socAdmin/core/connector/postgres.go:90.2,93.30 3 0
github.com/soleilouisol/socAdmin/core/connector/postgres.go:93.30,95.24 2 0
github.com/soleilouisol/socAdmin/core/connector/postgres.go:95.24,97.4 1 0
github.com/soleilouisol/socAdmin/core/connector/postgres.go:98.3,99.42 2 0
github.com/soleilouisol/socAdmin/core/connector/postgres.go:99.42,101.4 1 0
github.com/soleilouisol/socAdmin/core/connector/postgres.go:102.3,102.21 1 0
github.com/soleilouisol/socAdmin/core/connector/postgres.go:102.21,104.4 1 0
github.com/soleilouisol/socAdmin/core/connector/postgres.go:105.3,105.51 1 0
github.com/soleilouisol/socAdmin/core/connector/postgres.go:105.51,107.4 1 0
github.com/soleilouisol/socAdmin/core/connector/postgres.go:108.3,108.33 1 0
github.com/soleilouisol/socAdmin/core/connector/postgres.go:110.2,112.12 3 0
github.com/soleilouisol/socAdmin/core/connector/postgres.go:115.75,118.16 2 0
github.com/soleilouisol/socAdmin/core/connector/postgres.go:118.16,120.3 1 0
github.com/soleilouisol/socAdmin/core/connector/postgres.go:121.2,128.16 3 0
github.com/soleilouisol/socAdmin/core/connector/postgres.go:128.16,130.3 1 0
github.com/soleilouisol/socAdmin/core/connector/postgres.go:131.2,134.18 3 0
[...]
github.com/soleilouisol/socAdmin/core/controller/database_controller.go:1721.108,1724.3 2 0
github.com/soleilouisol/socAdmin/core/controller/database_controller.go:1725.2,1725.72 1 0
github.com/soleilouisol/socAdmin/core/controller/database_controller.go:1728.92,1733.61 4 0
github.com/soleilouisol/socAdmin/core/controller/database_controller.go:1733.61,1736.3 2 0
github.com/soleilouisol/socAdmin/core/controller/database_controller.go:1738.2,1738.108 1 0
github.com/soleilouisol/socAdmin/core/controller/database_controller.go:1738.108,1741.3 2 0
github.com/soleilouisol/socAdmin/core/controller/database_controller.go:1742.2,1742.72 1 0
github.com/soleilouisol/socAdmin/core/controller/database_controller.go:1745.90,1749.70 3 0
github.com/soleilouisol/socAdmin/core/controller/database_controller.go:1749.70,1752.3 2 0
github.com/soleilouisol/socAdmin/core/controller/database_controller.go:1753.2,1753.72 1 0
github.com/soleilouisol/socAdmin/core/controller/database_controller.go:1758.93,1762.16 3 0
github.com/soleilouisol/socAdmin/core/controller/database_controller.go:1762.16,1765.3 2 0
github.com/soleilouisol/socAdmin/core/controller/database_controller.go:1766.2,1766.20 1 0
github.com/soleilouisol/socAdmin/core/controller/database_controller.go:1766.20,1768.3 1 0
github.com/soleilouisol/socAdmin/core/controller/database_controller.go:1769.2,1769.41 1 0
github.com/soleilouisol/socAdmin/core/controller/database_controller.go:1772.91,1777.46 4 0
github.com/soleilouisol/socAdmin/core/controller/database_controller.go:1777.46,1778.53 1 0
github.com/soleilouisol/socAdmin/core/controller/database_controller.go:1778.53,1780.4 1 0
github.com/soleilouisol/socAdmin/core/controller/database_controller.go:1783.2,1784.16 2 0
github.com/soleilouisol/socAdmin/core/controller/database_controller.go:1784.16,1787.3 2 0
github.com/soleilouisol/socAdmin/core/controller/database_controller.go:1788.2,1788.18 1 0
github.com/soleilouisol/socAdmin/core/controller/database_controller.go:1788.18,1790.3 1 0
github.com/soleilouisol/socAdmin/core/controller/database_controller.go:1791.2,1791.39 1 0
github.com/soleilouisol/socAdmin/core/controller/database_controller.go:1794.92,1800.55 4 0
github.com/soleilouisol/socAdmin/core/controller/database_controller.go:1800.55,1803.3 2 0
github.com/soleilouisol/socAdmin/core/controller/database_controller.go:1805.2,1806.16 2 0
github.com/soleilouisol/socAdmin/core/controller/database_controller.go:1806.16,1809.3 2 0
github.com/soleilouisol/socAdmin/core/controller/database_controller.go:1810.2,1813.16 3 0
github.com/soleilouisol/socAdmin/core/controller/database_controller.go:1813.16,1816.3 2 0
github.com/soleilouisol/socAdmin/core/controller/database_controller.go:1818.2,1819.16 2 0
github.com/soleilouisol/socAdmin/core/controller/database_controller.go:1819.16,1822.3 2 0
github.com/soleilouisol/socAdmin/core/controller/database_controller.go:1823.2,1827.4 1 0
github.com/soleilouisol/socAdmin/core/controller/database_controller.go:1830.94,1836.16 5 0
github.com/soleilouisol/socAdmin/core/controller/database_controller.go:1836.16,1839.3 2 0
github.com/soleilouisol/socAdmin/core/controller/database_controller.go:1841.2,1844.15 4 0
github.com/soleilouisol/socAdmin/core/controller/database_controller.go:1847.92,1852.78 4 0
github.com/soleilouisol/socAdmin/core/controller/database_controller.go:1852.78,1855.3 2 0
github.com/soleilouisol/socAdmin/core/controller/database_controller.go:1856.2,1856.72 1 0
github.com/soleilouisol/socAdmin/core/controller/database_controller.go:1865.90,1870.61 4 0
github.com/soleilouisol/socAdmin/core/controller/database_controller.go:1870.61,1873.3 2 0
github.com/soleilouisol/socAdmin/core/controller/database_controller.go:1875.2,1876.16 2 0
github.com/soleilouisol/socAdmin/core/controller/database_controller.go:1876.16,1879.3 2 0
github.com/soleilouisol/socAdmin/core/controller/database_controller.go:1880.2,1880.40 1 0
github.com/soleilouisol/socAdmin/core/controller/database_controller.go:1885.91,1890.16 4 0
github.com/soleilouisol/socAdmin/core/controller/database_controller.go:1890.16,1893.3 2 0
github.com/soleilouisol/socAdmin/core/controller/database_controller.go:1894.2,1894.39 1 0
github.com/soleilouisol/socAdmin/core/controller/database_controller.go:1899.93,1904.47 4 0
github.com/soleilouisol/socAdmin/core/controller/database_controller.go:1904.47,1905.66 1 0
github.com/soleilouisol/socAdmin/core/controller/database_controller.go:1905.66,1907.4 1 0
github.com/soleilouisol/socAdmin/core/controller/database_controller.go:1910.2,1911.16 2 0
github.com/soleilouisol/socAdmin/core/controller/database_controller.go:1911.16,1914.3 2 0
github.com/soleilouisol/socAdmin/core/controller/database_controller.go:1915.2,1915.42 1 0
github.com/soleilouisol/socAdmin/core/controller/database_controller.go:1920.84,1922.16 2 0
github.com/soleilouisol/socAdmin/core/controller/database_controller.go:1922.16,1925.3 2 0
github.com/soleilouisol/socAdmin/core/controller/database_controller.go:1926.2,1926.39 1 0
github.com/soleilouisol/socAdmin/core/controller/database_controller.go:1939.102,1943.61 3 0
github.com/soleilouisol/socAdmin/core/controller/database_controller.go:1943.61,1946.3 2 0
github.com/soleilouisol/socAdmin/core/controller/database_controller.go:1947.2,1947.20 1 0
github.com/soleilouisol/socAdmin/core/controller/database_controller.go:1947.20,1950.3 2 0
github.com/soleilouisol/socAdmin/core/controller/database_controller.go:1951.2,1951.25 1 0
github.com/soleilouisol/socAdmin/core/controller/database_controller.go:1951.25,1954.3 2 0
github.com/soleilouisol/socAdmin/core/controller/database_controller.go:1955.2,1955.121 1 0
github.com/soleilouisol/socAdmin/core/controller/database_controller.go:1955.121,1958.3 2 0
github.com/soleilouisol/socAdmin/core/controller/database_controller.go:1960.2,1960.153 1 0
github.com/soleilouisol/socAdmin/core/controller/database_controller.go:1960.153,1963.3 2 0
github.com/soleilouisol/socAdmin/core/controller/database_controller.go:1965.2,1966.77 2 0
github.com/soleilouisol/socAdmin/core/controller/database_controller.go:1969.93,1974.16 4 0
github.com/soleilouisol/socAdmin/core/controller/database_controller.go:1974.16,1977.3 2 0
github.com/soleilouisol/socAdmin/core/controller/database_controller.go:1978.2,1978.17 1 0
github.com/soleilouisol/socAdmin/core/controller/database_controller.go:1978.17,1981.3 2 0
github.com/soleilouisol/socAdmin/core/controller/database_controller.go:1982.2,1982.38 1 0
github.com/soleilouisol/socAdmin/core/controller/database_controller.go:1987.98,1989.16 2 0
github.com/soleilouisol/socAdmin/core/controller/database_controller.go:1989.16,1992.3 2 0
github.com/soleilouisol/socAdmin/core/controller/database_controller.go:1993.2,1993.38 1 0
github.com/soleilouisol/socAdmin/core/controller/database_controller.go:1996.101,2001.16 4 0
github.com/soleilouisol/socAdmin/core/controller/database_controller.go:2001.16,2004.3 2 0
github.com/soleilouisol/socAdmin/core/controller/database_controller.go:2005.2,2005.38 1 0
github.com/soleilouisol/socAdmin/core/controller/database_controller.go:2013.91,2015.2 1 0
github.com/soleilouisol/socAdmin/core/controller/database_controller.go:2018.85,2020.14 2 0
github.com/soleilouisol/socAdmin/core/controller/database_controller.go:2020.14,2023.3 2 0
github.com/soleilouisol/socAdmin/core/controller/database_controller.go:2025.2,2036.58 7 0
github.com/soleilouisol/socAdmin/core/controller/database_controller.go:2036.58,2043.3 2 0
github.com/soleilouisol/socAdmin/core/controller/database_controller.go:2048.86,2050.14 2 0
github.com/soleilouisol/socAdmin/core/controller/database_controller.go:2050.14,2053.3 2 0
github.com/soleilouisol/socAdmin/core/controller/database_controller.go:2058.2,2058.55 1 0
github.com/soleilouisol/socAdmin/core/controller/database_controller.go:2058.55,2061.3 2 0
github.com/soleilouisol/socAdmin/core/controller/database_controller.go:2063.2,2064.16 2 0
github.com/soleilouisol/socAdmin/core/controller/database_controller.go:2064.16,2067.3 2 0
github.com/soleilouisol/socAdmin/core/controller/database_controller.go:2068.2,2072.62 3 0
github.com/soleilouisol/socAdmin/core/controller/database_controller.go:2072.62,2075.3 2 0
github.com/soleilouisol/socAdmin/core/controller/database_controller.go:2076.2,2076.67 1 0
github.com/soleilouisol/socAdmin/core/controller/database_controller.go:2082.84,2087.9 4 0
github.com/soleilouisol/socAdmin/core/controller/database_controller.go:2087.9,2090.3 2 0
github.com/soleilouisol/socAdmin/core/controller/database_controller.go:2092.2,2101.12 8 0
github.com/soleilouisol/socAdmin/core/controller/database_controller.go:2101.12,2103.82 2 0
github.com/soleilouisol/socAdmin/core/controller/database_controller.go:2103.82,2105.24 1 0
github.com/soleilouisol/socAdmin/core/controller/database_controller.go:2105.24,2110.5 3 0
github.com/soleilouisol/socAdmin/core/controller/database_controller.go:2114.2,2114.6 1 0
github.com/soleilouisol/socAdmin/core/controller/database_controller.go:2114.6,2115.10 1 0
github.com/soleilouisol/socAdmin/core/controller/database_controller.go:2116.28,2117.11 1 0
github.com/soleilouisol/socAdmin/core/controller/database_controller.go:2117.11,2119.5 1 0
github.com/soleilouisol/socAdmin/core/controller/database_controller.go:2120.4,2121.18 2 0
github.com/soleilouisol/socAdmin/core/controller/database_controller.go:2121.18,2122.13 1 0
github.com/soleilouisol/socAdmin/core/controller/database_controller.go:2124.4,2125.19 2 0
github.com/soleilouisol/socAdmin/core/controller/database_controller.go:2126.21,2127.10 1 0
github.com/soleilouisol/socAdmin/core/controller/database_controller.go:2132.72,2136.2 3 0
github.com/soleilouisol/socAdmin/core/controller/database_controller.go:2138.67,2140.2 1 0
github.com/soleilouisol/socAdmin/core/controller/database_controller.go:2144.46,2146.97 1 0
github.com/soleilouisol/socAdmin/core/controller/database_controller.go:2146.97,2147.51 1 0
github.com/soleilouisol/socAdmin/core/controller/database_controller.go:2147.51,2150.81 2 0
github.com/soleilouisol/socAdmin/core/controller/database_controller.go:2150.81,2152.5 1 0
github.com/soleilouisol/socAdmin/core/controller/database_controller.go:2153.4,2153.42 1 0
github.com/soleilouisol/socAdmin/core/controller/database_controller.go:2156.2,2156.12 1 0
github.com/soleilouisol/socAdmin/core/controller/database_controller.go:2161.38,2163.15 2 0
github.com/soleilouisol/socAdmin/core/controller/database_controller.go:2163.15,2169.3 2 0
github.com/soleilouisol/socAdmin/core/controller/database_controller.go:2171.2,2171.33 1 0
github.com/soleilouisol/socAdmin/core/controller/database_controller.go:2171.33,2173.3 1 0
github.com/soleilouisol/socAdmin/core/controller/database_controller.go:2175.2,2175.32 1 0
github.com/soleilouisol/socAdmin/core/controller/database_controller.go:2180.83,2182.43 2 0
github.com/soleilouisol/socAdmin/core/controller/database_controller.go:2182.43,2184.3 1 0
github.com/soleilouisol/socAdmin/core/controller/database_controller.go:2185.2,2186.16 2 0
github.com/soleilouisol/socAdmin/core/controller/database_controller.go:2186.16,2189.3 2 0
github.com/soleilouisol/socAdmin/core/controller/database_controller.go:2190.2,2190.21 1 0
github.com/soleilouisol/socAdmin/core/controller/database_controller.go:2190.21,2192.3 1 0
github.com/soleilouisol/socAdmin/core/controller/database_controller.go:2193.2,2193.42 1 0
github.com/soleilouisol/socAdmin/core/controller/database_controller.go:2196.82,2198.43 2 0
github.com/soleilouisol/socAdmin/core/controller/database_controller.go:2198.43,2200.3 1 0
github.com/soleilouisol/socAdmin/core/controller/database_controller.go:2201.2,2205.61 2 0
github.com/soleilouisol/socAdmin/core/controller/database_controller.go:2205.61,2208.3 2 0
github.com/soleilouisol/socAdmin/core/controller/database_controller.go:2209.2,2209.53 1 0
github.com/soleilouisol/socAdmin/core/controller/database_controller.go:2209.53,2211.3 1 0
github.com/soleilouisol/socAdmin/core/controller/database_controller.go:2212.2,2212.66 1 0
github.com/soleilouisol/socAdmin/core/controller/database_controller.go:2212.66,2214.3 1 0
github.com/soleilouisol/socAdmin/core/controller/database_controller.go:2215.2,2215.73 1 0
github.com/soleilouisol/socAdmin/core/controller/database_controller.go:2215.73,2218.3 2 0
github.com/soleilouisol/socAdmin/core/controller/database_controller.go:2219.2,2219.67 1 0
github.com/soleilouisol/socAdmin/core/controller/database_controller.go:2224.83,2226.43 2 0
github.com/soleilouisol/socAdmin/core/controller/database_controller.go:2226.43,2228.3 1 0
github.com/soleilouisol/socAdmin/core/controller/database_controller.go:2229.2,2230.16 2 0
github.com/soleilouisol/socAdmin/core/controller/database_controller.go:2230.16,2233.3 2 0
github.com/soleilouisol/socAdmin/core/controller/database_controller.go:2234.2,2234.21 1 0
github.com/soleilouisol/socAdmin/core/controller/database_controller.go:2234.21,2236.3 1 0
github.com/soleilouisol/socAdmin/core/controller/database_controller.go:2237.2,2237.42 1 0
github.com/soleilouisol/socAdmin/core/controller/database_controller.go:2240.82,2242.43 2 0
github.com/soleilouisol/socAdmin/core/controller/database_controller.go:2242.43,2244.3 1 0
github.com/soleilouisol/socAdmin/core/controller/database_controller.go:2245.2,2249.61 2 0
github.com/soleilouisol/socAdmin/core/controller/database_controller.go:2249.61,2252.3 2 0
github.com/soleilouisol/socAdmin/core/controller/database_controller.go:2253.2,2253.53 1 0
github.com/soleilouisol/socAdmin/core/controller/database_controller.go:2253.53,2255.3 1 0
github.com/soleilouisol/socAdmin/core/controller/database_controller.go:2256.2,2256.55 1 0
github.com/soleilouisol/socAdmin/core/controller/database_controller.go:2256.55,2259.3 2 0
github.com/soleilouisol/socAdmin/core/controller/database_controller.go:2260.2,2260.72 1 0
github.com/soleilouisol/socAdmin/core/controller/database_controller.go:2260.72,2263.3 2 0
github.com/soleilouisol/socAdmin/core/controller/database_controller.go:2264.2,2264.67 1 0
github.com/soleilouisol/socAdmin/core/controller/database_controller.go:2269.82,2271.43 2 0
github.com/soleilouisol/socAdmin/core/controller/database_controller.go:2271.43,2273.3 1 0
github.com/soleilouisol/socAdmin/core/controller/database_controller.go:2274.2,2275.16 2 0
github.com/soleilouisol/socAdmin/core/controller/database_controller.go:2275.16,2278.3 2 0
github.com/soleilouisol/socAdmin/core/controller/database_controller.go:2279.2,2279.20 1 0
github.com/soleilouisol/socAdmin/core/controller/database_controller.go:2279.20,2281.3 1 0
github.com/soleilouisol/socAdmin/core/controller/database_controller.go:2282.2,2282.41 1 0
github.com/soleilouisol/socAdmin/core/controller/database_controller.go:2285.89,2288.86 3 0
github.com/soleilouisol/socAdmin/core/controller/database_controller.go:2288.86,2290.3 1 0
github.com/soleilouisol/socAdmin/core/controller/database_controller.go:2291.2,2292.16 2 0
github.com/soleilouisol/socAdmin/core/controller/database_controller.go:2292.16,2295.3 2 0
github.com/soleilouisol/socAdmin/core/controller/database_controller.go:2296.2,2296.19 1 0
github.com/soleilouisol/socAdmin/core/controller/database_controller.go:2296.19,2298.3 1 0
github.com/soleilouisol/socAdmin/core/controller/database_controller.go:2299.2,2299.40 1 0
github.com/soleilouisol/socAdmin/core/controller/database_controller.go:2304.87,2307.84 3 0
github.com/soleilouisol/socAdmin/core/controller/database_controller.go:2307.84,2309.3 1 0
github.com/soleilouisol/socAdmin/core/controller/database_controller.go:2310.2,2313.61 2 0
github.com/soleilouisol/socAdmin/core/controller/database_controller.go:2313.61,2316.3 2 0
github.com/soleilouisol/socAdmin/core/controller/database_controller.go:2317.2,2321.46 2 0
github.com/soleilouisol/socAdmin/core/controller/database_controller.go:2321.46,2324.3 2 0
github.com/soleilouisol/socAdmin/core/controller/database_controller.go:2325.2,2326.16 2 0
github.com/soleilouisol/socAdmin/core/controller/database_controller.go:2326.16,2329.3 2 0
github.com/soleilouisol/socAdmin/core/controller/database_controller.go:2330.2,2330.69 1 0
github.com/soleilouisol/socAdmin/core/controller/helpers.go:12.43,14.26 2 0
github.com/soleilouisol/socAdmin/core/controller/helpers.go:14.26,16.3 1 0
github.com/soleilouisol/socAdmin/core/controller/helpers.go:17.2,17.22 1 0
github.com/soleilouisol/socAdmin/core/controller/helpers.go:21.40,23.2 1 0
github.com/soleilouisol/socAdmin/core/controller/helpers.go:27.72,28.59 1 0
github.com/soleilouisol/socAdmin/core/controller/helpers.go:28.59,31.3 2 0
github.com/soleilouisol/socAdmin/core/controller/helpers.go:32.2,32.13 1 0
github.com/soleilouisol/socAdmin/core/controller/security_controller.go:19.104,21.2 1 0
github.com/soleilouisol/socAdmin/core/controller/security_controller.go:24.83,26.16 2 0
github.com/soleilouisol/socAdmin/core/controller/security_controller.go:26.16,28.3 1 0
github.com/soleilouisol/socAdmin/core/controller/security_controller.go:29.2,33.4 1 0
github.com/soleilouisol/socAdmin/core/controller/security_controller.go:42.86,44.61 2 0
github.com/soleilouisol/socAdmin/core/controller/security_controller.go:44.61,47.3 2 0
github.com/soleilouisol/socAdmin/core/controller/security_controller.go:50.2,50.17 1 0
github.com/soleilouisol/socAdmin/core/controller/security_controller.go:50.17,54.3 3 0
github.com/soleilouisol/socAdmin/core/controller/security_controller.go:56.2,57.66 2 0
github.com/soleilouisol/socAdmin/core/controller/security_controller.go:57.66,60.3 2 0
github.com/soleilouisol/socAdmin/core/controller/security_controller.go:62.2,68.4 2 0
github.com/soleilouisol/socAdmin/core/controller/security_controller.go:76.76,78.61 2 0
github.com/soleilouisol/socAdmin/core/controller/security_controller.go:78.61,81.3 2 0
github.com/soleilouisol/socAdmin/core/controller/security_controller.go:82.2,82.18 1 0
github.com/soleilouisol/socAdmin/core/controller/security_controller.go:82.18,85.3 2 0
github.com/soleilouisol/socAdmin/core/controller/security_controller.go:87.2,88.56 2 0
github.com/soleilouisol/socAdmin/core/controller/security_controller.go:88.56,91.3 2 0
github.com/soleilouisol/socAdmin/core/controller/security_controller.go:93.2,94.84 2 0
github.com/soleilouisol/socAdmin/core/controller/security_controller.go:98.79,100.61 2 0
github.com/soleilouisol/socAdmin/core/controller/security_controller.go:100.61,103.3 2 0
github.com/soleilouisol/socAdmin/core/controller/security_controller.go:104.2,104.18 1 0
github.com/soleilouisol/socAdmin/core/controller/security_controller.go:104.18,107.3 2 0
github.com/soleilouisol/socAdmin/core/controller/security_controller.go:109.2,110.59 2 0
github.com/soleilouisol/socAdmin/core/controller/security_controller.go:110.59,113.3 2 0
github.com/soleilouisol/socAdmin/core/controller/security_controller.go:115.2,116.86 2 0
github.com/soleilouisol/socAdmin/core/controller/security_controller.go:124.81,126.61 2 0
github.com/soleilouisol/socAdmin/core/controller/security_controller.go:126.61,129.3 2 0
github.com/soleilouisol/socAdmin/core/controller/security_controller.go:130.2,130.23 1 0
github.com/soleilouisol/socAdmin/core/controller/security_controller.go:130.23,133.3 2 0
github.com/soleilouisol/socAdmin/core/controller/security_controller.go:135.2,136.29 2 0
github.com/soleilouisol/socAdmin/core/controller/security_controller.go:136.29,138.45 2 0
github.com/soleilouisol/socAdmin/core/controller/security_controller.go:138.45,139.12 1 0
github.com/soleilouisol/socAdmin/core/controller/security_controller.go:141.3,142.53 2 0
github.com/soleilouisol/socAdmin/core/controller/security_controller.go:142.53,144.4 1 0
github.com/soleilouisol/socAdmin/core/controller/security_controller.go:147.2,151.4 2 0
github.com/soleilouisol/socAdmin/core/controller/security_controller.go:155.86,159.25 4 0
github.com/soleilouisol/socAdmin/core/controller/security_controller.go:159.25,161.3 1 0
